0 info it worked if it ends with ok
1 verbose cli [
1 verbose cli   '/usr/local/bin/node',
1 verbose cli   '/usr/local/bin/npm',
1 verbose cli   'install',
1 verbose cli   '--ignore-scripts',
1 verbose cli   '@types/merge-descriptors@ts3.6',
1 verbose cli   '@types/merge-stream@ts3.6',
1 verbose cli   '@types/merge2@ts3.6',
1 verbose cli   '@types/methods@ts3.6',
1 verbose cli   '@types/micromatch@ts3.6',
1 verbose cli   '@types/mime@ts3.6',
1 verbose cli   '@types/mime-db@ts3.6',
1 verbose cli   '@types/mime-types@ts3.6',
1 verbose cli   '@types/min-indent@ts3.6',
1 verbose cli   '@types/mini-css-extract-plugin@ts3.6',
1 verbose cli   '@types/minimalistic-assert@ts3.6',
1 verbose cli   '@types/minimatch@ts3.6',
1 verbose cli   '@types/minimist@ts3.6',
1 verbose cli   '@types/minipass@ts3.6',
1 verbose cli   '@types/minizlib@ts3.6',
1 verbose cli   '@types/mkdirp@ts3.6',
1 verbose cli   '@types/move-concurrently@ts3.6',
1 verbose cli   '@types/ms@ts3.6',
1 verbose cli   '@types/multicast-dns@ts3.6',
1 verbose cli   '@types/natural-compare@ts3.6',
1 verbose cli   '@types/negotiator@ts3.6',
1 verbose cli   '@types/next-tick@ts3.6',
1 verbose cli   '@types/nice-try@ts3.6',
1 verbose cli   '@types/node-forge@ts3.6',
1 verbose cli   '@types/node-int64@ts3.6',
1 verbose cli   '@types/node-notifier@ts3.6',
1 verbose cli   '@types/normalize-package-data@ts3.6',
1 verbose cli   '@types/normalize-path@ts3.6',
1 verbose cli   '@types/num2fraction@ts3.6',
1 verbose cli   '@types/nwsapi@ts3.6',
1 verbose cli   '@types/object-assign@ts3.6',
1 verbose cli   '@types/object-inspect@ts3.6',
1 verbose cli   '@types/object-keys@ts3.6',
1 verbose cli   '@types/object.fromentries@ts3.6',
1 verbose cli   '@types/object.getownpropertydescriptors@ts3.6',
1 verbose cli   '@types/object.pick@ts3.6',
1 verbose cli   '@types/on-finished@ts3.6',
1 verbose cli   '@types/on-headers@ts3.6',
1 verbose cli   '@types/once@ts3.6',
1 verbose cli   '@types/optimize-css-assets-webpack-plugin@ts3.6',
1 verbose cli   '@types/original@ts3.6',
1 verbose cli   '@types/pako@ts3.6',
1 verbose cli   '@types/parallel-transform@ts3.6',
1 verbose cli   '@types/parse-json@ts3.6',
1 verbose cli   '@types/parse5@ts3.6',
1 verbose cli   '@types/parseurl@ts3.6',
1 verbose cli   '@types/pascalcase@ts3.6',
1 verbose cli   '@types/path-is-absolute@ts3.6',
1 verbose cli   '@types/path-is-inside@ts3.6',
1 verbose cli   '@types/path-parse@ts3.6',
1 verbose cli   '@types/pbkdf2@ts3.6',
1 verbose cli   '@types/picomatch@ts3.6',
1 verbose cli   '@types/pify@ts3.6',
1 verbose cli   '@types/postcss-calc@ts3.6',
1 verbose cli   '@types/postcss-custom-properties@ts3.6',
1 verbose cli   '@types/postcss-flexbugs-fixes@ts3.6',
1 verbose cli   '@types/postcss-focus-within@ts3.6',
1 verbose cli   '@types/postcss-gap-properties@ts3.6',
1 verbose cli   '@types/postcss-load-config@ts3.6',
1 verbose cli   '@types/postcss-modules-extract-imports@ts3.6',
1 verbose cli   '@types/postcss-modules-local-by-default@ts3.6',
1 verbose cli   '@types/postcss-modules-scope@ts3.6',
1 verbose cli   '@types/postcss-modules-values@ts3.6',
1 verbose cli   '@types/postcss-normalize@ts3.6',
1 verbose cli   '@types/postcss-preset-env@ts3.6',
1 verbose cli   '@types/postcss-safe-parser@ts3.6',
1 verbose cli   '@types/prelude-ls@ts3.6',
1 verbose cli   '@types/prettier-linter-helpers@ts3.6',
1 verbose cli   '@types/progress@ts3.6',
1 verbose cli   '@types/promise-inflight@ts3.6',
1 verbose cli   '@types/prompts@ts3.6',
1 verbose cli   '@types/prop-types@ts3.6',
1 verbose cli   '@types/proxy-addr@ts3.6',
1 verbose cli   '@types/psl@ts3.6',
1 verbose cli   '@types/pump@ts3.6',
1 verbose cli   '@types/pumpify@ts3.6',
1 verbose cli   '@types/punycode@ts3.6',
1 verbose cli   '@types/q@ts3.6',
1 verbose cli   '@types/qs@ts3.6',
1 verbose cli   '@types/querystringify@ts3.6',
1 verbose cli   '@types/raf@ts3.6',
1 verbose cli   '@types/randombytes@ts3.6',
1 verbose cli   '@types/range-parser@ts3.6',
1 verbose cli   '@types/react-dev-utils@ts3.6',
1 verbose cli   '@types/react-is@ts3.6',
1 verbose cli   '@types/readable-stream@ts3.6',
1 verbose cli   '@types/recursive-readdir@ts3.6',
1 verbose cli   '@types/regenerate@ts3.6',
1 verbose cli   '@types/regenerator-runtime@ts3.6',
1 verbose cli   '@types/relateurl@ts3.6',
1 verbose cli   '@types/repeat-element@ts3.6',
1 verbose cli   '@types/repeat-string@ts3.6',
1 verbose cli   '@types/require-directory@ts3.6',
1 verbose cli   '@types/require-from-string@ts3.6',
1 verbose cli   '@types/requires-port@ts3.6',
1 verbose cli   '@types/resolve@ts3.6',
1 verbose cli   ... 98 more items
1 verbose cli ]
2 info using npm@6.14.6
3 info using node@v12.18.3
4 verbose npm-session 5d3eaaeb05b60ea2
5 silly install loadCurrentTree
6 silly install readLocalPackageData
7 http fetch GET 304 https://registry.npmjs.org/@types%2fmime-db 1170ms (from cache)
8 http fetch GET 304 https://registry.npmjs.org/@types%2fmime 1186ms (from cache)
9 http fetch GET 304 https://registry.npmjs.org/@types%2fmicromatch 1193ms (from cache)
10 http fetch GET 304 https://registry.npmjs.org/@types%2fmerge-stream 1206ms (from cache)
11 http fetch GET 304 https://registry.npmjs.org/@types%2fmethods 1214ms (from cache)
12 http fetch GET 304 https://registry.npmjs.org/@types%2fmin-indent 1197ms (from cache)
13 http fetch GET 304 https://registry.npmjs.org/@types%2fmini-css-extract-plugin 1206ms (from cache)
14 http fetch GET 304 https://registry.npmjs.org/@types%2fmerge2 1235ms (from cache)
15 http fetch GET 304 https://registry.npmjs.org/@types%2fmime-types 1223ms (from cache)
16 silly pacote tag manifest for @types/mime-db@ts3.6 fetched in 1253ms
17 silly pacote tag manifest for @types/mime@ts3.6 fetched in 1271ms
18 silly pacote tag manifest for @types/micromatch@ts3.6 fetched in 1277ms
19 silly pacote tag manifest for @types/merge-stream@ts3.6 fetched in 1303ms
20 silly pacote tag manifest for @types/min-indent@ts3.6 fetched in 1291ms
21 silly pacote tag manifest for @types/methods@ts3.6 fetched in 1311ms
22 silly pacote tag manifest for @types/mini-css-extract-plugin@ts3.6 fetched in 1306ms
23 silly pacote tag manifest for @types/mime-types@ts3.6 fetched in 1314ms
24 silly pacote tag manifest for @types/merge2@ts3.6 fetched in 1336ms
25 http fetch GET 304 https://registry.npmjs.org/@types%2fmerge-descriptors 1440ms (from cache)
26 silly pacote tag manifest for @types/merge-descriptors@ts3.6 fetched in 1460ms
27 http fetch GET 304 https://registry.npmjs.org/@types%2fminimalistic-assert 234ms (from cache)
28 silly pacote tag manifest for @types/minimalistic-assert@ts3.6 fetched in 265ms
29 http fetch GET 304 https://registry.npmjs.org/@types%2fminimatch 319ms (from cache)
30 http fetch GET 304 https://registry.npmjs.org/@types%2fminimist 320ms (from cache)
31 http fetch GET 304 https://registry.npmjs.org/@types%2fms 268ms (from cache)
32 http fetch GET 304 https://registry.npmjs.org/@types%2fminipass 305ms (from cache)
33 http fetch GET 304 https://registry.npmjs.org/@types%2fmkdirp 299ms (from cache)
34 http fetch GET 304 https://registry.npmjs.org/@types%2fminizlib 303ms (from cache)
35 http fetch GET 304 https://registry.npmjs.org/@types%2fmulticast-dns 277ms (from cache)
36 http fetch GET 304 https://registry.npmjs.org/@types%2fmove-concurrently 285ms (from cache)
37 silly pacote tag manifest for @types/minimatch@ts3.6 fetched in 344ms
38 silly pacote tag manifest for @types/minimist@ts3.6 fetched in 345ms
39 silly pacote tag manifest for @types/ms@ts3.6 fetched in 292ms
40 silly pacote tag manifest for @types/minipass@ts3.6 fetched in 330ms
41 silly pacote tag manifest for @types/mkdirp@ts3.6 fetched in 328ms
42 silly pacote tag manifest for @types/minizlib@ts3.6 fetched in 336ms
43 silly pacote tag manifest for @types/multicast-dns@ts3.6 fetched in 309ms
44 silly pacote tag manifest for @types/move-concurrently@ts3.6 fetched in 324ms
45 http fetch GET 304 https://registry.npmjs.org/@types%2fnatural-compare 226ms (from cache)
46 silly pacote tag manifest for @types/natural-compare@ts3.6 fetched in 276ms
47 http fetch GET 304 https://registry.npmjs.org/@types%2fnegotiator 208ms (from cache)
48 silly pacote tag manifest for @types/negotiator@ts3.6 fetched in 226ms
49 http fetch GET 304 https://registry.npmjs.org/@types%2fnode-forge 205ms (from cache)
50 silly pacote tag manifest for @types/node-forge@ts3.6 fetched in 217ms
51 http fetch GET 304 https://registry.npmjs.org/@types%2fnice-try 228ms (from cache)
52 http fetch GET 304 https://registry.npmjs.org/@types%2fnext-tick 233ms (from cache)
53 silly pacote tag manifest for @types/nice-try@ts3.6 fetched in 252ms
54 http fetch GET 304 https://registry.npmjs.org/@types%2fnode-int64 254ms (from cache)
55 http fetch GET 304 https://registry.npmjs.org/@types%2fnode-notifier 248ms (from cache)
56 silly pacote tag manifest for @types/next-tick@ts3.6 fetched in 271ms
57 http fetch GET 304 https://registry.npmjs.org/@types%2fnormalize-package-data 254ms (from cache)
58 silly pacote tag manifest for @types/node-int64@ts3.6 fetched in 282ms
59 http fetch GET 304 https://registry.npmjs.org/@types%2fnwsapi 204ms (from cache)
60 silly pacote tag manifest for @types/node-notifier@ts3.6 fetched in 275ms
61 silly pacote tag manifest for @types/normalize-package-data@ts3.6 fetched in 278ms
62 http fetch GET 304 https://registry.npmjs.org/@types%2fnum2fraction 270ms (from cache)
63 silly pacote tag manifest for @types/nwsapi@ts3.6 fetched in 249ms
64 silly pacote tag manifest for @types/num2fraction@ts3.6 fetched in 314ms
65 http fetch GET 304 https://registry.npmjs.org/@types%2fobject-assign 252ms (from cache)
66 silly pacote tag manifest for @types/object-assign@ts3.6 fetched in 264ms
67 http fetch GET 304 https://registry.npmjs.org/@types%2fobject-inspect 195ms (from cache)
68 silly pacote tag manifest for @types/object-inspect@ts3.6 fetched in 219ms
69 http fetch GET 304 https://registry.npmjs.org/@types%2fobject-keys 235ms (from cache)
70 http fetch GET 304 https://registry.npmjs.org/@types%2fobject.getownpropertydescriptors 207ms (from cache)
71 silly pacote tag manifest for @types/object-keys@ts3.6 fetched in 251ms
72 silly pacote tag manifest for @types/object.getownpropertydescriptors@ts3.6 fetched in 222ms
73 http fetch GET 304 https://registry.npmjs.org/@types%2fobject.pick 225ms (from cache)
74 http fetch GET 304 https://registry.npmjs.org/@types%2fon-finished 220ms (from cache)
75 http fetch GET 304 https://registry.npmjs.org/@types%2fon-headers 203ms (from cache)
76 silly pacote tag manifest for @types/object.pick@ts3.6 fetched in 252ms
77 http fetch GET 304 https://registry.npmjs.org/@types%2fonce 192ms (from cache)
78 silly pacote tag manifest for @types/on-finished@ts3.6 fetched in 247ms
79 silly pacote tag manifest for @types/on-headers@ts3.6 fetched in 223ms
80 silly pacote tag manifest for @types/once@ts3.6 fetched in 206ms
81 http fetch GET 304 https://registry.npmjs.org/@types%2foptimize-css-assets-webpack-plugin 194ms (from cache)
82 silly pacote tag manifest for @types/optimize-css-assets-webpack-plugin@ts3.6 fetched in 202ms
83 http fetch GET 304 https://registry.npmjs.org/@types%2foriginal 165ms (from cache)
84 silly pacote tag manifest for @types/original@ts3.6 fetched in 182ms
85 http fetch GET 304 https://registry.npmjs.org/@types%2fpako 156ms (from cache)
86 silly pacote tag manifest for @types/pako@ts3.6 fetched in 175ms
87 http fetch GET 304 https://registry.npmjs.org/@types%2fparallel-transform 186ms (from cache)
88 silly pacote tag manifest for @types/parallel-transform@ts3.6 fetched in 210ms
89 http fetch GET 304 https://registry.npmjs.org/@types%2fparse5 186ms (from cache)
90 http fetch GET 304 https://registry.npmjs.org/@types%2fparse-json 223ms (from cache)
91 http fetch GET 304 https://registry.npmjs.org/@types%2fparseurl 227ms (from cache)
92 silly pacote tag manifest for @types/parse5@ts3.6 fetched in 256ms
93 silly pacote tag manifest for @types/parseurl@ts3.6 fetched in 274ms
94 silly pacote tag manifest for @types/parse-json@ts3.6 fetched in 301ms
95 http fetch GET 304 https://registry.npmjs.org/@types%2fpath-is-absolute 262ms (from cache)
96 http fetch GET 304 https://registry.npmjs.org/@types%2fpascalcase 303ms (from cache)
97 silly pacote tag manifest for @types/pascalcase@ts3.6 fetched in 334ms
98 silly pacote tag manifest for @types/path-is-absolute@ts3.6 fetched in 298ms
99 http fetch GET 304 https://registry.npmjs.org/@types%2fpath-is-inside 280ms (from cache)
100 http fetch GET 304 https://registry.npmjs.org/@types%2fnormalize-path 900ms (from cache)
101 silly pacote tag manifest for @types/path-is-inside@ts3.6 fetched in 297ms
102 silly pacote tag manifest for @types/normalize-path@ts3.6 fetched in 909ms
103 http fetch GET 304 https://registry.npmjs.org/@types%2fpath-parse 247ms (from cache)
104 silly pacote tag manifest for @types/path-parse@ts3.6 fetched in 269ms
105 http fetch GET 304 https://registry.npmjs.org/@types%2fpbkdf2 235ms (from cache)
106 silly pacote tag manifest for @types/pbkdf2@ts3.6 fetched in 250ms
107 http fetch GET 304 https://registry.npmjs.org/@types%2fpicomatch 294ms (from cache)
108 http fetch GET 304 https://registry.npmjs.org/@types%2fobject.fromentries 829ms (from cache)
109 http fetch GET 304 https://registry.npmjs.org/@types%2fpostcss-calc 288ms (from cache)
110 silly pacote tag manifest for @types/picomatch@ts3.6 fetched in 339ms
111 silly pacote tag manifest for @types/object.fromentries@ts3.6 fetched in 874ms
112 silly pacote tag manifest for @types/postcss-calc@ts3.6 fetched in 312ms
113 http fetch GET 304 https://registry.npmjs.org/@types%2fpify 315ms (from cache)
114 silly pacote tag manifest for @types/pify@ts3.6 fetched in 343ms
115 http fetch GET 304 https://registry.npmjs.org/@types%2fpostcss-flexbugs-fixes 298ms (from cache)
116 http fetch GET 304 https://registry.npmjs.org/@types%2fpostcss-focus-within 271ms (from cache)
117 http fetch GET 304 https://registry.npmjs.org/@types%2fpostcss-custom-properties 311ms (from cache)
118 http fetch GET 304 https://registry.npmjs.org/@types%2fpostcss-gap-properties 284ms (from cache)
119 silly pacote tag manifest for @types/postcss-flexbugs-fixes@ts3.6 fetched in 320ms
120 silly pacote tag manifest for @types/postcss-focus-within@ts3.6 fetched in 295ms
121 http fetch GET 304 https://registry.npmjs.org/@types%2fpostcss-load-config 275ms (from cache)
122 silly pacote tag manifest for @types/postcss-custom-properties@ts3.6 fetched in 337ms
123 silly pacote tag manifest for @types/postcss-gap-properties@ts3.6 fetched in 319ms
124 silly pacote tag manifest for @types/postcss-load-config@ts3.6 fetched in 315ms
125 http fetch GET 304 https://registry.npmjs.org/@types%2fpostcss-modules-extract-imports 328ms (from cache)
126 silly pacote tag manifest for @types/postcss-modules-extract-imports@ts3.6 fetched in 371ms
127 http fetch GET 200 https://registry.npmjs.org/@types%2fpostcss-preset-env 201ms
128 silly fetchPackageMetaData error for @types/postcss-preset-env@ts3.6 No matching version found for @types/postcss-preset-env@ts3.6.
129 http fetch GET 304 https://registry.npmjs.org/@types%2fpostcss-modules-local-by-default 290ms (from cache)
130 http fetch GET 304 https://registry.npmjs.org/@types%2fpostcss-modules-scope 296ms (from cache)
131 http fetch GET 304 https://registry.npmjs.org/@types%2fpostcss-modules-values 281ms (from cache)
132 silly pacote tag manifest for @types/postcss-modules-local-by-default@ts3.6 fetched in 313ms
133 http fetch GET 304 https://registry.npmjs.org/@types%2fpostcss-normalize 278ms (from cache)
134 silly pacote tag manifest for @types/postcss-modules-scope@ts3.6 fetched in 325ms
135 silly pacote tag manifest for @types/postcss-modules-values@ts3.6 fetched in 315ms
136 http fetch GET 304 https://registry.npmjs.org/@types%2fpostcss-safe-parser 262ms (from cache)
137 silly pacote tag manifest for @types/postcss-normalize@ts3.6 fetched in 301ms
138 silly pacote tag manifest for @types/postcss-safe-parser@ts3.6 fetched in 293ms
139 http fetch GET 304 https://registry.npmjs.org/@types%2fprettier-linter-helpers 267ms (from cache)
140 http fetch GET 304 https://registry.npmjs.org/@types%2fprelude-ls 288ms (from cache)
141 http fetch GET 304 https://registry.npmjs.org/@types%2fprogress 256ms (from cache)
142 silly pacote tag manifest for @types/prettier-linter-helpers@ts3.6 fetched in 297ms
143 silly pacote tag manifest for @types/prelude-ls@ts3.6 fetched in 317ms
144 silly pacote tag manifest for @types/progress@ts3.6 fetched in 284ms
145 http fetch GET 304 https://registry.npmjs.org/@types%2fpromise-inflight 251ms (from cache)
146 silly pacote tag manifest for @types/promise-inflight@ts3.6 fetched in 318ms
147 http fetch GET 304 https://registry.npmjs.org/@types%2fprompts 349ms (from cache)
148 silly pacote tag manifest for @types/prompts@ts3.6 fetched in 432ms
149 http fetch GET 304 https://registry.npmjs.org/@types%2fprop-types 418ms (from cache)
150 http fetch GET 304 https://registry.npmjs.org/@types%2fproxy-addr 406ms (from cache)
151 silly pacote tag manifest for @types/prop-types@ts3.6 fetched in 488ms
152 http fetch GET 304 https://registry.npmjs.org/@types%2fpsl 479ms (from cache)
153 http fetch GET 304 https://registry.npmjs.org/@types%2fpump 470ms (from cache)
154 http fetch GET 304 https://registry.npmjs.org/@types%2fpumpify 452ms (from cache)
155 silly pacote tag manifest for @types/proxy-addr@ts3.6 fetched in 496ms
156 http fetch GET 304 https://registry.npmjs.org/@types%2fpunycode 434ms (from cache)
157 silly pacote tag manifest for @types/pump@ts3.6 fetched in 500ms
158 silly pacote tag manifest for @types/psl@ts3.6 fetched in 511ms
159 silly pacote tag manifest for @types/pumpify@ts3.6 fetched in 485ms
160 http fetch GET 304 https://registry.npmjs.org/@types%2fq 460ms (from cache)
161 silly pacote tag manifest for @types/punycode@ts3.6 fetched in 472ms
162 silly pacote tag manifest for @types/q@ts3.6 fetched in 497ms
163 http fetch GET 304 https://registry.npmjs.org/@types%2fqs 506ms (from cache)
164 silly pacote tag manifest for @types/qs@ts3.6 fetched in 556ms
165 http fetch GET 304 https://registry.npmjs.org/@types%2fquerystringify 521ms (from cache)
166 silly pacote tag manifest for @types/querystringify@ts3.6 fetched in 560ms
167 http fetch GET 304 https://registry.npmjs.org/@types%2fraf 396ms (from cache)
168 http fetch GET 200 https://registry.npmjs.org/@types%2fregenerate 220ms
169 silly fetchPackageMetaData error for @types/regenerate@ts3.6 No matching version found for @types/regenerate@ts3.6.
170 silly pacote tag manifest for @types/raf@ts3.6 fetched in 428ms
171 http fetch GET 304 https://registry.npmjs.org/@types%2frandombytes 362ms (from cache)
172 http fetch GET 304 https://registry.npmjs.org/@types%2frange-parser 351ms (from cache)
173 http fetch GET 304 https://registry.npmjs.org/@types%2freact-dev-utils 329ms (from cache)
174 http fetch GET 304 https://registry.npmjs.org/@types%2freact-is 345ms (from cache)
175 http fetch GET 304 https://registry.npmjs.org/@types%2freadable-stream 345ms (from cache)
176 silly pacote tag manifest for @types/randombytes@ts3.6 fetched in 399ms
177 http fetch GET 304 https://registry.npmjs.org/@types%2frecursive-readdir 332ms (from cache)
178 silly pacote tag manifest for @types/range-parser@ts3.6 fetched in 394ms
179 silly pacote tag manifest for @types/react-dev-utils@ts3.6 fetched in 373ms
180 silly pacote tag manifest for @types/react-is@ts3.6 fetched in 383ms
181 silly pacote tag manifest for @types/readable-stream@ts3.6 fetched in 393ms
182 silly pacote tag manifest for @types/recursive-readdir@ts3.6 fetched in 410ms
183 http fetch GET 304 https://registry.npmjs.org/@types%2fregenerator-runtime 387ms (from cache)
184 silly pacote tag manifest for @types/regenerator-runtime@ts3.6 fetched in 427ms
185 http fetch GET 304 https://registry.npmjs.org/@types%2frelateurl 333ms (from cache)
186 http fetch GET 304 https://registry.npmjs.org/@types%2frepeat-string 302ms (from cache)
187 http fetch GET 304 https://registry.npmjs.org/@types%2frepeat-element 310ms (from cache)
188 silly pacote tag manifest for @types/relateurl@ts3.6 fetched in 367ms
189 silly pacote tag manifest for @types/repeat-element@ts3.6 fetched in 334ms
190 silly pacote tag manifest for @types/repeat-string@ts3.6 fetched in 329ms
191 http fetch GET 304 https://registry.npmjs.org/@types%2frequire-from-string 270ms (from cache)
192 http fetch GET 304 https://registry.npmjs.org/@types%2frequire-directory 287ms (from cache)
193 http fetch GET 304 https://registry.npmjs.org/@types%2frequires-port 287ms (from cache)
194 silly pacote tag manifest for @types/require-from-string@ts3.6 fetched in 294ms
195 silly pacote tag manifest for @types/require-directory@ts3.6 fetched in 312ms
196 http fetch GET 304 https://registry.npmjs.org/@types%2fretry 269ms (from cache)
197 http fetch GET 304 https://registry.npmjs.org/@types%2fresolve 300ms (from cache)
198 silly pacote tag manifest for @types/requires-port@ts3.6 fetched in 312ms
199 http fetch GET 304 https://registry.npmjs.org/@types%2frimraf 263ms (from cache)
200 silly pacote tag manifest for @types/retry@ts3.6 fetched in 298ms
201 silly pacote tag manifest for @types/resolve@ts3.6 fetched in 334ms
202 silly pacote tag manifest for @types/rimraf@ts3.6 fetched in 307ms
203 http fetch GET 304 https://registry.npmjs.org/@types%2fripemd160 237ms (from cache)
204 http fetch GET 304 https://registry.npmjs.org/@types%2frsvp 206ms (from cache)
205 http fetch GET 304 https://registry.npmjs.org/@types%2frun-parallel 194ms (from cache)
206 silly pacote tag manifest for @types/ripemd160@ts3.6 fetched in 252ms
207 http fetch GET 304 https://registry.npmjs.org/@types%2fsafe-regex 200ms (from cache)
208 silly pacote tag manifest for @types/rsvp@ts3.6 fetched in 221ms
209 silly pacote tag manifest for @types/run-parallel@ts3.6 fetched in 209ms
210 silly pacote tag manifest for @types/safe-regex@ts3.6 fetched in 224ms
211 http fetch GET 304 https://registry.npmjs.org/@types%2fsane 190ms (from cache)
212 http fetch GET 304 https://registry.npmjs.org/@types%2fsafer-buffer 199ms (from cache)
213 silly pacote tag manifest for @types/sane@ts3.6 fetched in 215ms
214 silly pacote tag manifest for @types/safer-buffer@ts3.6 fetched in 227ms
215 http fetch GET 304 https://registry.npmjs.org/@types%2fsass-loader 237ms (from cache)
216 http fetch GET 304 https://registry.npmjs.org/@types%2fsax 215ms (from cache)
217 silly pacote tag manifest for @types/sass-loader@ts3.6 fetched in 252ms
218 silly pacote tag manifest for @types/sax@ts3.6 fetched in 228ms
219 http fetch GET 304 https://registry.npmjs.org/@types%2fscheduler 230ms (from cache)
220 http fetch GET 304 https://registry.npmjs.org/@types%2fsemver 213ms (from cache)
221 silly pacote tag manifest for @types/scheduler@ts3.6 fetched in 255ms
222 silly pacote tag manifest for @types/semver@ts3.6 fetched in 253ms
223 http fetch GET 304 https://registry.npmjs.org/@types%2fsemver-compare 222ms (from cache)
224 silly pacote tag manifest for @types/semver-compare@ts3.6 fetched in 307ms
225 http fetch GET 304 https://registry.npmjs.org/@types%2fserialize-javascript 300ms (from cache)
226 http fetch GET 304 https://registry.npmjs.org/@types%2fsend 312ms (from cache)
227 http fetch GET 304 https://registry.npmjs.org/@types%2fserve-index 297ms (from cache)
228 silly pacote tag manifest for @types/serialize-javascript@ts3.6 fetched in 335ms
229 silly pacote tag manifest for @types/send@ts3.6 fetched in 342ms
230 http fetch GET 304 https://registry.npmjs.org/@types%2fset-value 286ms (from cache)
231 silly pacote tag manifest for @types/serve-index@ts3.6 fetched in 329ms
232 http fetch GET 304 https://registry.npmjs.org/@types%2fserve-static 302ms (from cache)
233 silly pacote tag manifest for @types/set-value@ts3.6 fetched in 309ms
234 silly pacote tag manifest for @types/serve-static@ts3.6 fetched in 325ms
235 http fetch GET 304 https://registry.npmjs.org/@types%2fsha.js 283ms (from cache)
236 http fetch GET 304 https://registry.npmjs.org/@types%2fsetimmediate 289ms (from cache)
237 silly pacote tag manifest for @types/sha.js@ts3.6 fetched in 301ms
238 silly pacote tag manifest for @types/setimmediate@ts3.6 fetched in 303ms
239 http fetch GET 304 https://registry.npmjs.org/@types%2fshebang-command 265ms (from cache)
240 http fetch GET 304 https://registry.npmjs.org/@types%2fshell-quote 259ms (from cache)
241 silly pacote tag manifest for @types/shebang-command@ts3.6 fetched in 298ms
242 silly pacote tag manifest for @types/shell-quote@ts3.6 fetched in 294ms
243 http fetch GET 304 https://registry.npmjs.org/@types%2fsignal-exit 211ms (from cache)
244 silly pacote tag manifest for @types/signal-exit@ts3.6 fetched in 227ms
245 http fetch GET 304 https://registry.npmjs.org/@types%2fslice-ansi 203ms (from cache)
246 http fetch GET 304 https://registry.npmjs.org/@types%2fsockjs-client 198ms (from cache)
247 http fetch GET 304 https://registry.npmjs.org/@types%2fsockjs 207ms (from cache)
248 http fetch GET 304 https://registry.npmjs.org/@types%2fsource-list-map 184ms (from cache)
249 silly pacote tag manifest for @types/slice-ansi@ts3.6 fetched in 226ms
250 silly pacote tag manifest for @types/sockjs-client@ts3.6 fetched in 219ms
251 silly pacote tag manifest for @types/sockjs@ts3.6 fetched in 227ms
252 silly pacote tag manifest for @types/source-list-map@ts3.6 fetched in 206ms
253 http fetch GET 304 https://registry.npmjs.org/@types%2fspdx-correct 184ms (from cache)
254 http fetch GET 304 https://registry.npmjs.org/@types%2fsource-map-support 229ms (from cache)
255 silly pacote tag manifest for @types/spdx-correct@ts3.6 fetched in 210ms
256 http fetch GET 304 https://registry.npmjs.org/@types%2fspdx-expression-parse 211ms (from cache)
257 silly pacote tag manifest for @types/source-map-support@ts3.6 fetched in 255ms
258 http fetch GET 304 https://registry.npmjs.org/@types%2fspdy 189ms (from cache)
259 silly pacote tag manifest for @types/spdx-expression-parse@ts3.6 fetched in 232ms
260 http fetch GET 304 https://registry.npmjs.org/@types%2fsprintf 189ms (from cache)
261 silly pacote tag manifest for @types/spdy@ts3.6 fetched in 206ms
262 silly pacote tag manifest for @types/sprintf@ts3.6 fetched in 217ms
263 http fetch GET 304 https://registry.npmjs.org/@types%2fsprintf-js 238ms (from cache)
264 silly pacote tag manifest for @types/sprintf-js@ts3.6 fetched in 259ms
265 http fetch GET 304 https://registry.npmjs.org/@types%2fssri 233ms (from cache)
266 http fetch GET 304 https://registry.npmjs.org/@types%2fstack-utils 236ms (from cache)
267 silly pacote tag manifest for @types/ssri@ts3.6 fetched in 253ms
268 http fetch GET 304 https://registry.npmjs.org/@types%2fstatuses 244ms (from cache)
269 silly pacote tag manifest for @types/stack-utils@ts3.6 fetched in 256ms
270 http fetch GET 304 https://registry.npmjs.org/@types%2fstream-each 250ms (from cache)
271 http fetch GET 304 https://registry.npmjs.org/@types%2fstream-shift 212ms (from cache)
272 http fetch GET 304 https://registry.npmjs.org/@types%2fstrict-uri-encode 200ms (from cache)
273 http fetch GET 304 https://registry.npmjs.org/@types%2fstring-natural-compare 197ms (from cache)
274 silly pacote tag manifest for @types/statuses@ts3.6 fetched in 267ms
275 silly pacote tag manifest for @types/stream-each@ts3.6 fetched in 274ms
276 silly pacote tag manifest for @types/strict-uri-encode@ts3.6 fetched in 223ms
277 silly pacote tag manifest for @types/stream-shift@ts3.6 fetched in 237ms
278 silly pacote tag manifest for @types/string-natural-compare@ts3.6 fetched in 223ms
279 http fetch GET 304 https://registry.npmjs.org/@types%2fstring.prototype.matchall 248ms (from cache)
280 silly pacote tag manifest for @types/string.prototype.matchall@ts3.6 fetched in 257ms
281 http fetch GET 304 https://registry.npmjs.org/@types%2fstringify-object 237ms (from cache)
282 silly pacote tag manifest for @types/stringify-object@ts3.6 fetched in 246ms
283 http fetch GET 304 https://registry.npmjs.org/@types%2fstrip-comments 159ms (from cache)
284 silly pacote tag manifest for @types/strip-comments@ts3.6 fetched in 170ms
285 http fetch GET 304 https://registry.npmjs.org/@types%2fstrip-final-newline 144ms (from cache)
286 silly pacote tag manifest for @types/strip-final-newline@ts3.6 fetched in 163ms
287 http fetch GET 304 https://registry.npmjs.org/@types%2fsupports-color 176ms (from cache)
288 silly pacote tag manifest for @types/supports-color@ts3.6 fetched in 222ms
289 http fetch GET 304 https://registry.npmjs.org/@types%2fsymbol-tree 210ms (from cache)
290 silly pacote tag manifest for @types/symbol-tree@ts3.6 fetched in 226ms
291 http fetch GET 304 https://registry.npmjs.org/@types%2fsvg-parser 249ms (from cache)
292 http fetch GET 304 https://registry.npmjs.org/@types%2ftapable 236ms (from cache)
293 http fetch GET 304 https://registry.npmjs.org/@types%2fsvgo 245ms (from cache)
294 http fetch GET 304 https://registry.npmjs.org/@types%2ftar 251ms (from cache)
295 silly pacote tag manifest for @types/svg-parser@ts3.6 fetched in 275ms
296 silly pacote tag manifest for @types/tapable@ts3.6 fetched in 264ms
297 silly pacote tag manifest for @types/svgo@ts3.6 fetched in 273ms
298 http fetch GET 304 https://registry.npmjs.org/@types%2fterser-webpack-plugin 226ms (from cache)
299 silly pacote tag manifest for @types/tar@ts3.6 fetched in 282ms
300 http fetch GET 304 https://registry.npmjs.org/@types%2ftext-table 250ms (from cache)
301 silly pacote tag manifest for @types/terser-webpack-plugin@ts3.6 fetched in 305ms
302 silly pacote tag manifest for @types/text-table@ts3.6 fetched in 308ms
303 http fetch GET 304 https://registry.npmjs.org/@types%2fthrough 284ms (from cache)
304 silly pacote tag manifest for @types/through@ts3.6 fetched in 317ms
305 http fetch GET 304 https://registry.npmjs.org/@types%2fthrough2 312ms (from cache)
306 silly pacote tag manifest for @types/through2@ts3.6 fetched in 333ms
307 http fetch GET 304 https://registry.npmjs.org/@types%2fthunky 275ms (from cache)
308 http fetch GET 304 https://registry.npmjs.org/@types%2ftimsort 252ms (from cache)
309 silly pacote tag manifest for @types/thunky@ts3.6 fetched in 310ms
310 silly pacote tag manifest for @types/timsort@ts3.6 fetched in 299ms
311 http fetch GET 304 https://registry.npmjs.org/@types%2ftough-cookie 287ms (from cache)
312 http fetch GET 304 https://registry.npmjs.org/@types%2ftryer 296ms (from cache)
313 silly pacote tag manifest for @types/tough-cookie@ts3.6 fetched in 314ms
314 silly pacote tag manifest for @types/tryer@ts3.6 fetched in 318ms
315 http fetch GET 304 https://registry.npmjs.org/@types%2ftype-check 326ms (from cache)
316 silly pacote tag manifest for @types/type-check@ts3.6 fetched in 342ms
317 http fetch GET 304 https://registry.npmjs.org/@types%2ftype-detect 303ms (from cache)
318 http fetch GET 304 https://registry.npmjs.org/@types%2funiq 248ms (from cache)
319 http fetch GET 304 https://registry.npmjs.org/@types%2ftype-is 268ms (from cache)
320 http fetch GET 304 https://registry.npmjs.org/@types%2funiversalify 219ms (from cache)
321 silly pacote tag manifest for @types/uniq@ts3.6 fetched in 266ms
322 silly pacote tag manifest for @types/type-detect@ts3.6 fetched in 330ms
323 silly pacote tag manifest for @types/type-is@ts3.6 fetched in 291ms
324 silly pacote tag manifest for @types/universalify@ts3.6 fetched in 242ms
325 http fetch GET 304 https://registry.npmjs.org/@types%2furix 218ms (from cache)
326 silly pacote tag manifest for @types/urix@ts3.6 fetched in 242ms
327 http fetch GET 304 https://registry.npmjs.org/@types%2futil-deprecate 194ms (from cache)
328 http fetch GET 304 https://registry.npmjs.org/@types%2furl-parse 221ms (from cache)
329 silly pacote tag manifest for @types/util-deprecate@ts3.6 fetched in 202ms
330 silly pacote tag manifest for @types/url-parse@ts3.6 fetched in 231ms
331 http fetch GET 304 https://registry.npmjs.org/@types%2futils-merge 161ms (from cache)
332 http fetch GET 304 https://registry.npmjs.org/@types%2futil.promisify 172ms (from cache)
333 silly pacote tag manifest for @types/utils-merge@ts3.6 fetched in 188ms
334 silly pacote tag manifest for @types/util.promisify@ts3.6 fetched in 201ms
335 http fetch GET 304 https://registry.npmjs.org/@types%2fuuid 170ms (from cache)
336 silly pacote tag manifest for @types/uuid@ts3.6 fetched in 189ms
337 http fetch GET 304 https://registry.npmjs.org/@types%2fvalidate-npm-package-license 189ms (from cache)
338 http fetch GET 304 https://registry.npmjs.org/@types%2fvary 191ms (from cache)
339 http fetch GET 304 https://registry.npmjs.org/@types%2fw3c-xmlserializer 184ms (from cache)
340 http fetch GET 304 https://registry.npmjs.org/@types%2fw3c-hr-time 191ms (from cache)
341 silly pacote tag manifest for @types/validate-npm-package-license@ts3.6 fetched in 202ms
342 silly pacote tag manifest for @types/vary@ts3.6 fetched in 207ms
343 http fetch GET 304 https://registry.npmjs.org/@types%2fwatchpack 155ms (from cache)
344 silly pacote tag manifest for @types/w3c-xmlserializer@ts3.6 fetched in 202ms
345 silly pacote tag manifest for @types/w3c-hr-time@ts3.6 fetched in 210ms
346 silly pacote tag manifest for @types/watchpack@ts3.6 fetched in 173ms
347 http fetch GET 304 https://registry.npmjs.org/@types%2fwebidl-conversions 190ms (from cache)
348 silly pacote tag manifest for @types/webidl-conversions@ts3.6 fetched in 214ms
349 http fetch GET 304 https://registry.npmjs.org/@types%2fwebpack 233ms (from cache)
350 silly pacote tag manifest for @types/webpack@ts3.6 fetched in 273ms
351 http fetch GET 304 https://registry.npmjs.org/@types%2fwebpack-dev-middleware 257ms (from cache)
352 http fetch GET 304 https://registry.npmjs.org/@types%2fwebpack-dev-server 268ms (from cache)
353 http fetch GET 304 https://registry.npmjs.org/@types%2fwebpack-manifest-plugin 244ms (from cache)
354 silly pacote tag manifest for @types/webpack-dev-middleware@ts3.6 fetched in 287ms
355 silly pacote tag manifest for @types/webpack-manifest-plugin@ts3.6 fetched in 262ms
356 silly pacote tag manifest for @types/webpack-dev-server@ts3.6 fetched in 290ms
357 http fetch GET 304 https://registry.npmjs.org/@types%2fwebpack-sources 237ms (from cache)
358 http fetch GET 304 https://registry.npmjs.org/@types%2fwhatwg-mimetype 242ms (from cache)
359 silly pacote tag manifest for @types/webpack-sources@ts3.6 fetched in 258ms
360 http fetch GET 304 https://registry.npmjs.org/@types%2fwhatwg-url 244ms (from cache)
361 http fetch GET 304 https://registry.npmjs.org/@types%2fwhich 233ms (from cache)
362 silly pacote tag manifest for @types/whatwg-mimetype@ts3.6 fetched in 253ms
363 silly pacote tag manifest for @types/whatwg-url@ts3.6 fetched in 253ms
364 silly pacote tag manifest for @types/which@ts3.6 fetched in 249ms
365 http fetch GET 304 https://registry.npmjs.org/@types%2fwhich-pm-runs 194ms (from cache)
366 silly pacote tag manifest for @types/which-pm-runs@ts3.6 fetched in 204ms
367 http fetch GET 304 https://registry.npmjs.org/@types%2fworkbox-build 174ms (from cache)
368 http fetch GET 304 https://registry.npmjs.org/@types%2fworkbox-sw 129ms (from cache)
369 silly pacote tag manifest for @types/workbox-build@ts3.6 fetched in 182ms
370 silly pacote tag manifest for @types/workbox-sw@ts3.6 fetched in 137ms
371 http fetch GET 304 https://registry.npmjs.org/@types%2fwrap-ansi 163ms (from cache)
372 silly pacote tag manifest for @types/wrap-ansi@ts3.6 fetched in 173ms
373 http fetch GET 304 https://registry.npmjs.org/@types%2fxtend 139ms (from cache)
374 http fetch GET 304 https://registry.npmjs.org/@types%2fwrite-file-atomic 152ms (from cache)
375 http fetch GET 304 https://registry.npmjs.org/@types%2fws 146ms (from cache)
376 silly pacote tag manifest for @types/xtend@ts3.6 fetched in 147ms
377 http fetch GET 304 https://registry.npmjs.org/@types%2fyallist 113ms (from cache)
378 silly pacote tag manifest for @types/write-file-atomic@ts3.6 fetched in 161ms
379 silly pacote tag manifest for @types/ws@ts3.6 fetched in 153ms
380 silly pacote tag manifest for @types/yallist@ts3.6 fetched in 118ms
381 http fetch GET 304 https://registry.npmjs.org/@types%2fyargs-parser 130ms (from cache)
382 http fetch GET 304 https://registry.npmjs.org/@types%2fyargs 142ms (from cache)
383 silly pacote tag manifest for @types/yargs-parser@ts3.6 fetched in 156ms
384 silly pacote tag manifest for @types/yargs@ts3.6 fetched in 169ms
385 http fetch GET 304 https://registry.npmjs.org/@types%2fwhatwg-encoding 600ms (from cache)
386 silly pacote tag manifest for @types/whatwg-encoding@ts3.6 fetched in 607ms
387 http fetch GET 304 https://registry.npmjs.org/@types%2fworkbox-webpack-plugin 586ms (from cache)
388 http fetch GET 304 https://registry.npmjs.org/@types%2fy18n 558ms (from cache)
389 silly pacote tag manifest for @types/workbox-webpack-plugin@ts3.6 fetched in 636ms
390 silly pacote tag manifest for @types/y18n@ts3.6 fetched in 589ms
391 timing stage:rollbackFailedOptional Completed in 3ms
392 timing stage:runTopLevelLifecycles Completed in 7389ms
393 verbose type tag
394 verbose stack @types/postcss-preset-env: No matching version found for @types/postcss-preset-env@ts3.6.
394 verbose stack     at pickManifest (/usr/local/lib/node_modules/npm/node_modules/npm-pick-manifest/index.js:122:13)
394 verbose stack     at /usr/local/lib/node_modules/npm/node_modules/pacote/lib/fetchers/registry/manifest.js:24:14
394 verbose stack     at tryCatcher (/usr/local/lib/node_modules/npm/node_modules/bluebird/js/release/util.js:16:23)
394 verbose stack     at Promise._settlePromiseFromHandler (/usr/local/lib/node_modules/npm/node_modules/bluebird/js/release/promise.js:517:31)
394 verbose stack     at Promise._settlePromise (/usr/local/lib/node_modules/npm/node_modules/bluebird/js/release/promise.js:574:18)
394 verbose stack     at Promise._settlePromise0 (/usr/local/lib/node_modules/npm/node_modules/bluebird/js/release/promise.js:619:10)
394 verbose stack     at Promise._settlePromises (/usr/local/lib/node_modules/npm/node_modules/bluebird/js/release/promise.js:699:18)
394 verbose stack     at _drainQueueStep (/usr/local/lib/node_modules/npm/node_modules/bluebird/js/release/async.js:138:12)
394 verbose stack     at _drainQueue (/usr/local/lib/node_modules/npm/node_modules/bluebird/js/release/async.js:131:9)
394 verbose stack     at Async._drainQueues (/usr/local/lib/node_modules/npm/node_modules/bluebird/js/release/async.js:147:5)
394 verbose stack     at Immediate.Async.drainQueues [as _onImmediate] (/usr/local/lib/node_modules/npm/node_modules/bluebird/js/release/async.js:17:14)
394 verbose stack     at processImmediate (internal/timers.js:456:21)
395 verbose cwd /home/theia/.cache/typescript/3.6
396 verbose Linux 5.4.72-microsoft-standard-WSL2
397 verbose argv "/usr/local/bin/node" "/usr/local/bin/npm" "install" "--ignore-scripts" "@types/merge-descriptors@ts3.6" "@types/merge-stream@ts3.6" "@types/merge2@ts3.6" "@types/methods@ts3.6" "@types/micromatch@ts3.6" "@types/mime@ts3.6" "@types/mime-db@ts3.6" "@types/mime-types@ts3.6" "@types/min-indent@ts3.6" "@types/mini-css-extract-plugin@ts3.6" "@types/minimalistic-assert@ts3.6" "@types/minimatch@ts3.6" "@types/minimist@ts3.6" "@types/minipass@ts3.6" "@types/minizlib@ts3.6" "@types/mkdirp@ts3.6" "@types/move-concurrently@ts3.6" "@types/ms@ts3.6" "@types/multicast-dns@ts3.6" "@types/natural-compare@ts3.6" "@types/negotiator@ts3.6" "@types/next-tick@ts3.6" "@types/nice-try@ts3.6" "@types/node-forge@ts3.6" "@types/node-int64@ts3.6" "@types/node-notifier@ts3.6" "@types/normalize-package-data@ts3.6" "@types/normalize-path@ts3.6" "@types/num2fraction@ts3.6" "@types/nwsapi@ts3.6" "@types/object-assign@ts3.6" "@types/object-inspect@ts3.6" "@types/object-keys@ts3.6" "@types/object.fromentries@ts3.6" "@types/object.getownpropertydescriptors@ts3.6" "@types/object.pick@ts3.6" "@types/on-finished@ts3.6" "@types/on-headers@ts3.6" "@types/once@ts3.6" "@types/optimize-css-assets-webpack-plugin@ts3.6" "@types/original@ts3.6" "@types/pako@ts3.6" "@types/parallel-transform@ts3.6" "@types/parse-json@ts3.6" "@types/parse5@ts3.6" "@types/parseurl@ts3.6" "@types/pascalcase@ts3.6" "@types/path-is-absolute@ts3.6" "@types/path-is-inside@ts3.6" "@types/path-parse@ts3.6" "@types/pbkdf2@ts3.6" "@types/picomatch@ts3.6" "@types/pify@ts3.6" "@types/postcss-calc@ts3.6" "@types/postcss-custom-properties@ts3.6" "@types/postcss-flexbugs-fixes@ts3.6" "@types/postcss-focus-within@ts3.6" "@types/postcss-gap-properties@ts3.6" "@types/postcss-load-config@ts3.6" "@types/postcss-modules-extract-imports@ts3.6" "@types/postcss-modules-local-by-default@ts3.6" "@types/postcss-modules-scope@ts3.6" "@types/postcss-modules-values@ts3.6" "@types/postcss-normalize@ts3.6" "@types/postcss-preset-env@ts3.6" "@types/postcss-safe-parser@ts3.6" "@types/prelude-ls@ts3.6" "@types/prettier-linter-helpers@ts3.6" "@types/progress@ts3.6" "@types/promise-inflight@ts3.6" "@types/prompts@ts3.6" "@types/prop-types@ts3.6" "@types/proxy-addr@ts3.6" "@types/psl@ts3.6" "@types/pump@ts3.6" "@types/pumpify@ts3.6" "@types/punycode@ts3.6" "@types/q@ts3.6" "@types/qs@ts3.6" "@types/querystringify@ts3.6" "@types/raf@ts3.6" "@types/randombytes@ts3.6" "@types/range-parser@ts3.6" "@types/react-dev-utils@ts3.6" "@types/react-is@ts3.6" "@types/readable-stream@ts3.6" "@types/recursive-readdir@ts3.6" "@types/regenerate@ts3.6" "@types/regenerator-runtime@ts3.6" "@types/relateurl@ts3.6" "@types/repeat-element@ts3.6" "@types/repeat-string@ts3.6" "@types/require-directory@ts3.6" "@types/require-from-string@ts3.6" "@types/requires-port@ts3.6" "@types/resolve@ts3.6" "@types/retry@ts3.6" "@types/rimraf@ts3.6" "@types/ripemd160@ts3.6" "@types/rsvp@ts3.6" "@types/run-parallel@ts3.6" "@types/safe-regex@ts3.6" "@types/safer-buffer@ts3.6" "@types/sane@ts3.6" "@types/sass-loader@ts3.6" "@types/sax@ts3.6" "@types/scheduler@ts3.6" "@types/semver@ts3.6" "@types/semver-compare@ts3.6" "@types/send@ts3.6" "@types/serialize-javascript@ts3.6" "@types/serve-index@ts3.6" "@types/serve-static@ts3.6" "@types/set-value@ts3.6" "@types/setimmediate@ts3.6" "@types/sha.js@ts3.6" "@types/shebang-command@ts3.6" "@types/shell-quote@ts3.6" "@types/signal-exit@ts3.6" "@types/slice-ansi@ts3.6" "@types/sockjs@ts3.6" "@types/sockjs-client@ts3.6" "@types/source-list-map@ts3.6" "@types/source-map-support@ts3.6" "@types/spdx-correct@ts3.6" "@types/spdx-expression-parse@ts3.6" "@types/spdy@ts3.6" "@types/sprintf@ts3.6" "@types/sprintf-js@ts3.6" "@types/ssri@ts3.6" "@types/stack-utils@ts3.6" "@types/statuses@ts3.6" "@types/stream-each@ts3.6" "@types/stream-shift@ts3.6" "@types/strict-uri-encode@ts3.6" "@types/string-natural-compare@ts3.6" "@types/string.prototype.matchall@ts3.6" "@types/stringify-object@ts3.6" "@types/strip-comments@ts3.6" "@types/strip-final-newline@ts3.6" "@types/supports-color@ts3.6" "@types/svg-parser@ts3.6" "@types/svgo@ts3.6" "@types/symbol-tree@ts3.6" "@types/tapable@ts3.6" "@types/tar@ts3.6" "@types/terser-webpack-plugin@ts3.6" "@types/text-table@ts3.6" "@types/through@ts3.6" "@types/through2@ts3.6" "@types/thunky@ts3.6" "@types/timsort@ts3.6" "@types/tough-cookie@ts3.6" "@types/tryer@ts3.6" "@types/type-check@ts3.6" "@types/type-detect@ts3.6" "@types/type-is@ts3.6" "@types/uniq@ts3.6" "@types/universalify@ts3.6" "@types/urix@ts3.6" "@types/url-parse@ts3.6" "@types/util-deprecate@ts3.6" "@types/util.promisify@ts3.6" "@types/utils-merge@ts3.6" "@types/uuid@ts3.6" "@types/validate-npm-package-license@ts3.6" "@types/vary@ts3.6" "@types/w3c-hr-time@ts3.6" "@types/w3c-xmlserializer@ts3.6" "@types/watchpack@ts3.6" "@types/webidl-conversions@ts3.6" "@types/webpack@ts3.6" "@types/webpack-dev-middleware@ts3.6" "@types/webpack-dev-server@ts3.6" "@types/webpack-manifest-plugin@ts3.6" "@types/webpack-sources@ts3.6" "@types/whatwg-encoding@ts3.6" "@types/whatwg-mimetype@ts3.6" "@types/whatwg-url@ts3.6" "@types/which@ts3.6" "@types/which-pm-runs@ts3.6" "@types/workbox-build@ts3.6" "@types/workbox-sw@ts3.6" "@types/workbox-webpack-plugin@ts3.6" "@types/wrap-ansi@ts3.6" "@types/write-file-atomic@ts3.6" "@types/ws@ts3.6" "@types/xtend@ts3.6" "@types/y18n@ts3.6" "@types/yallist@ts3.6" "@types/yargs@ts3.6" "@types/yargs-parser@ts3.6" "--save-dev" "--user-agent=typesInstaller/3.6.3"
398 verbose node v12.18.3
399 verbose npm  v6.14.6
400 error code ETARGET
401 error notarget No matching version found for @types/postcss-preset-env@ts3.6.
402 error notarget In most cases you or one of your dependencies are requesting
402 error notarget a package version that doesn't exist.
403 verbose exit [ 1, true ]
