0 info it worked if it ends with ok
1 verbose cli [
1 verbose cli   '/usr/local/bin/node',
1 verbose cli   '/usr/local/bin/npm',
1 verbose cli   'install',
1 verbose cli   '--ignore-scripts',
1 verbose cli   '@types/lz-string@ts3.6',
1 verbose cli   '@types/media-typer@ts3.6',
1 verbose cli   '@types/memory-fs@ts3.6',
1 verbose cli   '@types/memorystream@ts3.6',
1 verbose cli   '@types/merge-descriptors@ts3.6',
1 verbose cli   '@types/merge-stream@ts3.6',
1 verbose cli   '@types/merge2@ts3.6',
1 verbose cli   '@types/methods@ts3.6',
1 verbose cli   '@types/micromatch@ts3.6',
1 verbose cli   '@types/mime@ts3.6',
1 verbose cli   '@types/mime-db@ts3.6',
1 verbose cli   '@types/mime-types@ts3.6',
1 verbose cli   '@types/min-indent@ts3.6',
1 verbose cli   '@types/mini-css-extract-plugin@ts3.6',
1 verbose cli   '@types/minimalistic-assert@ts3.6',
1 verbose cli   '@types/minimatch@ts3.6',
1 verbose cli   '@types/minimist@ts3.6',
1 verbose cli   '@types/minipass@ts3.6',
1 verbose cli   '@types/minizlib@ts3.6',
1 verbose cli   '@types/mkdirp@ts3.6',
1 verbose cli   '@types/move-concurrently@ts3.6',
1 verbose cli   '@types/ms@ts3.6',
1 verbose cli   '@types/multicast-dns@ts3.6',
1 verbose cli   '@types/natural-compare@ts3.6',
1 verbose cli   '@types/negotiator@ts3.6',
1 verbose cli   '@types/next-tick@ts3.6',
1 verbose cli   '@types/nice-try@ts3.6',
1 verbose cli   '@types/node-forge@ts3.6',
1 verbose cli   '@types/node-int64@ts3.6',
1 verbose cli   '@types/node-notifier@ts3.6',
1 verbose cli   '@types/normalize-package-data@ts3.6',
1 verbose cli   '@types/normalize-path@ts3.6',
1 verbose cli   '@types/num2fraction@ts3.6',
1 verbose cli   '@types/nwsapi@ts3.6',
1 verbose cli   '@types/object-assign@ts3.6',
1 verbose cli   '@types/object-inspect@ts3.6',
1 verbose cli   '@types/object-keys@ts3.6',
1 verbose cli   '@types/object.fromentries@ts3.6',
1 verbose cli   '@types/object.getownpropertydescriptors@ts3.6',
1 verbose cli   '@types/object.pick@ts3.6',
1 verbose cli   '@types/on-finished@ts3.6',
1 verbose cli   '@types/on-headers@ts3.6',
1 verbose cli   '@types/once@ts3.6',
1 verbose cli   '@types/optimize-css-assets-webpack-plugin@ts3.6',
1 verbose cli   '@types/original@ts3.6',
1 verbose cli   '@types/pako@ts3.6',
1 verbose cli   '@types/parallel-transform@ts3.6',
1 verbose cli   '@types/parse-json@ts3.6',
1 verbose cli   '@types/parse5@ts3.6',
1 verbose cli   '@types/parseurl@ts3.6',
1 verbose cli   '@types/pascalcase@ts3.6',
1 verbose cli   '@types/path-is-absolute@ts3.6',
1 verbose cli   '@types/path-is-inside@ts3.6',
1 verbose cli   '@types/path-parse@ts3.6',
1 verbose cli   '@types/pbkdf2@ts3.6',
1 verbose cli   '@types/picomatch@ts3.6',
1 verbose cli   '@types/pify@ts3.6',
1 verbose cli   '@types/postcss-calc@ts3.6',
1 verbose cli   '@types/postcss-custom-properties@ts3.6',
1 verbose cli   '@types/postcss-flexbugs-fixes@ts3.6',
1 verbose cli   '@types/postcss-focus-within@ts3.6',
1 verbose cli   '@types/postcss-gap-properties@ts3.6',
1 verbose cli   '@types/postcss-load-config@ts3.6',
1 verbose cli   '@types/postcss-modules-extract-imports@ts3.6',
1 verbose cli   '@types/postcss-modules-local-by-default@ts3.6',
1 verbose cli   '@types/postcss-modules-scope@ts3.6',
1 verbose cli   '@types/postcss-modules-values@ts3.6',
1 verbose cli   '@types/postcss-normalize@ts3.6',
1 verbose cli   '@types/postcss-preset-env@ts3.6',
1 verbose cli   '@types/postcss-safe-parser@ts3.6',
1 verbose cli   '@types/prelude-ls@ts3.6',
1 verbose cli   '@types/prettier-linter-helpers@ts3.6',
1 verbose cli   '@types/progress@ts3.6',
1 verbose cli   '@types/promise-inflight@ts3.6',
1 verbose cli   '@types/prompts@ts3.6',
1 verbose cli   '@types/prop-types@ts3.6',
1 verbose cli   '@types/proxy-addr@ts3.6',
1 verbose cli   '@types/psl@ts3.6',
1 verbose cli   '@types/pump@ts3.6',
1 verbose cli   '@types/pumpify@ts3.6',
1 verbose cli   '@types/punycode@ts3.6',
1 verbose cli   '@types/q@ts3.6',
1 verbose cli   '@types/qs@ts3.6',
1 verbose cli   '@types/querystringify@ts3.6',
1 verbose cli   '@types/raf@ts3.6',
1 verbose cli   '@types/randombytes@ts3.6',
1 verbose cli   '@types/range-parser@ts3.6',
1 verbose cli   '@types/react-dev-utils@ts3.6',
1 verbose cli   '@types/react-is@ts3.6',
1 verbose cli   '@types/readable-stream@ts3.6',
1 verbose cli   '@types/recursive-readdir@ts3.6',
1 verbose cli   '@types/regenerate@ts3.6',
1 verbose cli   '@types/regenerator-runtime@ts3.6',
1 verbose cli   '@types/relateurl@ts3.6',
1 verbose cli   '@types/repeat-element@ts3.6',
1 verbose cli   '@types/repeat-string@ts3.6',
1 verbose cli   ... 106 more items
1 verbose cli ]
2 info using npm@6.14.6
3 info using node@v12.18.3
4 verbose npm-session 157c7104d1c274c6
5 silly install loadCurrentTree
6 silly install readLocalPackageData
7 http fetch GET 304 https://registry.npmjs.org/@types%2fmerge2 1294ms (from cache)
8 http fetch GET 304 https://registry.npmjs.org/@types%2fmedia-typer 1308ms (from cache)
9 http fetch GET 304 https://registry.npmjs.org/@types%2fmicromatch 1293ms (from cache)
10 http fetch GET 304 https://registry.npmjs.org/@types%2flz-string 1314ms (from cache)
11 http fetch GET 304 https://registry.npmjs.org/@types%2fmerge-descriptors 1314ms (from cache)
12 http fetch GET 304 https://registry.npmjs.org/@types%2fmime 1305ms (from cache)
13 http fetch GET 304 https://registry.npmjs.org/@types%2fmerge-stream 1316ms (from cache)
14 silly pacote tag manifest for @types/media-typer@ts3.6 fetched in 1328ms
15 silly pacote tag manifest for @types/micromatch@ts3.6 fetched in 1314ms
16 silly pacote tag manifest for @types/merge2@ts3.6 fetched in 1328ms
17 http fetch GET 304 https://registry.npmjs.org/@types%2fmemory-fs 1337ms (from cache)
18 silly pacote tag manifest for @types/lz-string@ts3.6 fetched in 1353ms
19 http fetch GET 304 https://registry.npmjs.org/@types%2fmemorystream 1344ms (from cache)
20 silly pacote tag manifest for @types/merge-descriptors@ts3.6 fetched in 1345ms
21 silly pacote tag manifest for @types/mime@ts3.6 fetched in 1335ms
22 silly pacote tag manifest for @types/merge-stream@ts3.6 fetched in 1348ms
23 silly pacote tag manifest for @types/memory-fs@ts3.6 fetched in 1359ms
24 silly pacote tag manifest for @types/memorystream@ts3.6 fetched in 1373ms
25 http fetch GET 304 https://registry.npmjs.org/@types%2fmethods 1468ms (from cache)
26 silly pacote tag manifest for @types/methods@ts3.6 fetched in 1475ms
27 http fetch GET 304 https://registry.npmjs.org/@types%2fmime-db 431ms (from cache)
28 http fetch GET 304 https://registry.npmjs.org/@types%2fmime-types 432ms (from cache)
29 http fetch GET 304 https://registry.npmjs.org/@types%2fmin-indent 430ms (from cache)
30 silly pacote tag manifest for @types/mime-db@ts3.6 fetched in 447ms
31 silly pacote tag manifest for @types/mime-types@ts3.6 fetched in 448ms
32 silly pacote tag manifest for @types/min-indent@ts3.6 fetched in 444ms
33 http fetch GET 304 https://registry.npmjs.org/@types%2fminimalistic-assert 436ms (from cache)
34 http fetch GET 304 https://registry.npmjs.org/@types%2fmini-css-extract-plugin 446ms (from cache)
35 http fetch GET 304 https://registry.npmjs.org/@types%2fminimatch 439ms (from cache)
36 http fetch GET 304 https://registry.npmjs.org/@types%2fminipass 423ms (from cache)
37 http fetch GET 304 https://registry.npmjs.org/@types%2fminimist 436ms (from cache)
38 http fetch GET 304 https://registry.npmjs.org/@types%2fminizlib 416ms (from cache)
39 silly pacote tag manifest for @types/mini-css-extract-plugin@ts3.6 fetched in 467ms
40 silly pacote tag manifest for @types/minimalistic-assert@ts3.6 fetched in 460ms
41 http fetch GET 304 https://registry.npmjs.org/@types%2fmkdirp 324ms (from cache)
42 silly pacote tag manifest for @types/minimatch@ts3.6 fetched in 469ms
43 silly pacote tag manifest for @types/minipass@ts3.6 fetched in 454ms
44 silly pacote tag manifest for @types/minimist@ts3.6 fetched in 476ms
45 silly pacote tag manifest for @types/minizlib@ts3.6 fetched in 454ms
46 silly pacote tag manifest for @types/mkdirp@ts3.6 fetched in 362ms
47 http fetch GET 304 https://registry.npmjs.org/@types%2fmove-concurrently 209ms (from cache)
48 silly pacote tag manifest for @types/move-concurrently@ts3.6 fetched in 214ms
49 http fetch GET 304 https://registry.npmjs.org/@types%2fms 249ms (from cache)
50 silly pacote tag manifest for @types/ms@ts3.6 fetched in 258ms
51 http fetch GET 304 https://registry.npmjs.org/@types%2fmulticast-dns 291ms (from cache)
52 silly pacote tag manifest for @types/multicast-dns@ts3.6 fetched in 343ms
53 http fetch GET 304 https://registry.npmjs.org/@types%2fnatural-compare 389ms (from cache)
54 http fetch GET 304 https://registry.npmjs.org/@types%2fnegotiator 388ms (from cache)
55 http fetch GET 304 https://registry.npmjs.org/@types%2fnext-tick 380ms (from cache)
56 silly pacote tag manifest for @types/natural-compare@ts3.6 fetched in 407ms
57 http fetch GET 304 https://registry.npmjs.org/@types%2fnice-try 391ms (from cache)
58 silly pacote tag manifest for @types/negotiator@ts3.6 fetched in 403ms
59 silly pacote tag manifest for @types/next-tick@ts3.6 fetched in 403ms
60 http fetch GET 304 https://registry.npmjs.org/@types%2fnode-forge 400ms (from cache)
61 silly pacote tag manifest for @types/nice-try@ts3.6 fetched in 420ms
62 silly pacote tag manifest for @types/node-forge@ts3.6 fetched in 425ms
63 http fetch GET 304 https://registry.npmjs.org/@types%2fnode-int64 446ms (from cache)
64 silly pacote tag manifest for @types/node-int64@ts3.6 fetched in 470ms
65 http fetch GET 304 https://registry.npmjs.org/@types%2fnode-notifier 470ms (from cache)
66 silly pacote tag manifest for @types/node-notifier@ts3.6 fetched in 485ms
67 http fetch GET 304 https://registry.npmjs.org/@types%2fnormalize-package-data 351ms (from cache)
68 http fetch GET 304 https://registry.npmjs.org/@types%2fnormalize-path 311ms (from cache)
69 silly pacote tag manifest for @types/normalize-package-data@ts3.6 fetched in 362ms
70 silly pacote tag manifest for @types/normalize-path@ts3.6 fetched in 318ms
71 http fetch GET 304 https://registry.npmjs.org/@types%2fnum2fraction 235ms (from cache)
72 silly pacote tag manifest for @types/num2fraction@ts3.6 fetched in 243ms
73 http fetch GET 304 https://registry.npmjs.org/@types%2fobject-assign 177ms (from cache)
74 silly pacote tag manifest for @types/object-assign@ts3.6 fetched in 181ms
75 http fetch GET 304 https://registry.npmjs.org/@types%2fnwsapi 296ms (from cache)
76 silly pacote tag manifest for @types/nwsapi@ts3.6 fetched in 332ms
77 http fetch GET 304 https://registry.npmjs.org/@types%2fobject-inspect 395ms (from cache)
78 silly pacote tag manifest for @types/object-inspect@ts3.6 fetched in 422ms
79 http fetch GET 304 https://registry.npmjs.org/@types%2fobject-keys 419ms (from cache)
80 silly pacote tag manifest for @types/object-keys@ts3.6 fetched in 434ms
81 http fetch GET 304 https://registry.npmjs.org/@types%2fobject.fromentries 422ms (from cache)
82 http fetch GET 304 https://registry.npmjs.org/@types%2fobject.getownpropertydescriptors 393ms (from cache)
83 silly pacote tag manifest for @types/object.fromentries@ts3.6 fetched in 434ms
84 silly pacote tag manifest for @types/object.getownpropertydescriptors@ts3.6 fetched in 409ms
85 http fetch GET 304 https://registry.npmjs.org/@types%2fon-finished 368ms (from cache)
86 http fetch GET 304 https://registry.npmjs.org/@types%2fobject.pick 387ms (from cache)
87 http fetch GET 304 https://registry.npmjs.org/@types%2fon-headers 371ms (from cache)
88 http fetch GET 304 https://registry.npmjs.org/@types%2fonce 358ms (from cache)
89 silly pacote tag manifest for @types/object.pick@ts3.6 fetched in 400ms
90 silly pacote tag manifest for @types/on-finished@ts3.6 fetched in 383ms
91 http fetch GET 304 https://registry.npmjs.org/@types%2foptimize-css-assets-webpack-plugin 333ms (from cache)
92 silly pacote tag manifest for @types/on-headers@ts3.6 fetched in 389ms
93 silly pacote tag manifest for @types/once@ts3.6 fetched in 377ms
94 silly pacote tag manifest for @types/optimize-css-assets-webpack-plugin@ts3.6 fetched in 352ms
95 http fetch GET 304 https://registry.npmjs.org/@types%2foriginal 290ms (from cache)
96 silly pacote tag manifest for @types/original@ts3.6 fetched in 299ms
97 http fetch GET 304 https://registry.npmjs.org/@types%2fpako 245ms (from cache)
98 silly pacote tag manifest for @types/pako@ts3.6 fetched in 295ms
99 http fetch GET 304 https://registry.npmjs.org/@types%2fparallel-transform 421ms (from cache)
100 http fetch GET 304 https://registry.npmjs.org/@types%2fparse-json 404ms (from cache)
101 silly pacote tag manifest for @types/parse-json@ts3.6 fetched in 414ms
102 silly pacote tag manifest for @types/parallel-transform@ts3.6 fetched in 433ms
103 http fetch GET 304 https://registry.npmjs.org/@types%2fparse5 414ms (from cache)
104 http fetch GET 304 https://registry.npmjs.org/@types%2fparseurl 397ms (from cache)
105 http fetch GET 304 https://registry.npmjs.org/@types%2fpath-is-absolute 397ms (from cache)
106 http fetch GET 304 https://registry.npmjs.org/@types%2fpascalcase 407ms (from cache)
107 silly pacote tag manifest for @types/parseurl@ts3.6 fetched in 412ms
108 http fetch GET 304 https://registry.npmjs.org/@types%2fpath-parse 395ms (from cache)
109 http fetch GET 304 https://registry.npmjs.org/@types%2fpath-is-inside 401ms (from cache)
110 silly pacote tag manifest for @types/parse5@ts3.6 fetched in 443ms
111 silly pacote tag manifest for @types/pascalcase@ts3.6 fetched in 424ms
112 silly pacote tag manifest for @types/path-is-absolute@ts3.6 fetched in 417ms
113 silly pacote tag manifest for @types/path-parse@ts3.6 fetched in 413ms
114 silly pacote tag manifest for @types/path-is-inside@ts3.6 fetched in 420ms
115 http fetch GET 304 https://registry.npmjs.org/@types%2fpbkdf2 305ms (from cache)
116 silly pacote tag manifest for @types/pbkdf2@ts3.6 fetched in 337ms
117 http fetch GET 304 https://registry.npmjs.org/@types%2fpicomatch 301ms (from cache)
118 silly pacote tag manifest for @types/picomatch@ts3.6 fetched in 315ms
119 http fetch GET 304 https://registry.npmjs.org/@types%2fpify 177ms (from cache)
120 silly pacote tag manifest for @types/pify@ts3.6 fetched in 180ms
121 http fetch GET 304 https://registry.npmjs.org/@types%2fpostcss-calc 199ms (from cache)
122 silly pacote tag manifest for @types/postcss-calc@ts3.6 fetched in 202ms
123 http fetch GET 304 https://registry.npmjs.org/@types%2fpostcss-custom-properties 207ms (from cache)
124 silly pacote tag manifest for @types/postcss-custom-properties@ts3.6 fetched in 211ms
125 http fetch GET 304 https://registry.npmjs.org/@types%2fpostcss-flexbugs-fixes 263ms (from cache)
126 silly pacote tag manifest for @types/postcss-flexbugs-fixes@ts3.6 fetched in 279ms
127 http fetch GET 304 https://registry.npmjs.org/@types%2fpostcss-gap-properties 338ms (from cache)
128 silly pacote tag manifest for @types/postcss-gap-properties@ts3.6 fetched in 353ms
129 http fetch GET 304 https://registry.npmjs.org/@types%2fpostcss-modules-extract-imports 383ms (from cache)
130 http fetch GET 200 https://registry.npmjs.org/@types%2fpostcss-load-config 400ms
131 silly pacote tag manifest for @types/postcss-modules-extract-imports@ts3.6 fetched in 407ms
132 http fetch GET 304 https://registry.npmjs.org/@types%2fpostcss-focus-within 415ms (from cache)
133 silly pacote tag manifest for @types/postcss-load-config@ts3.6 fetched in 417ms
134 silly pacote tag manifest for @types/postcss-focus-within@ts3.6 fetched in 429ms
135 http fetch GET 304 https://registry.npmjs.org/@types%2fpostcss-modules-local-by-default 384ms (from cache)
136 http fetch GET 304 https://registry.npmjs.org/@types%2fpostcss-modules-scope 342ms (from cache)
137 silly pacote tag manifest for @types/postcss-modules-local-by-default@ts3.6 fetched in 399ms
138 http fetch GET 304 https://registry.npmjs.org/@types%2fpostcss-normalize 297ms (from cache)
139 http fetch GET 304 https://registry.npmjs.org/@types%2fpostcss-modules-values 322ms (from cache)
140 http fetch GET 304 https://registry.npmjs.org/@types%2fpostcss-preset-env 261ms (from cache)
141 silly registry:manifest no matching version for @types/postcss-preset-env@ts3.6 in the cache. Forcing revalidation.
142 silly pacote tag manifest for @types/postcss-modules-scope@ts3.6 fetched in 359ms
143 silly pacote tag manifest for @types/postcss-normalize@ts3.6 fetched in 322ms
144 silly pacote tag manifest for @types/postcss-modules-values@ts3.6 fetched in 352ms
145 http fetch GET 304 https://registry.npmjs.org/@types%2fpostcss-safe-parser 233ms (from cache)
146 silly pacote tag manifest for @types/postcss-safe-parser@ts3.6 fetched in 238ms
147 http fetch GET 304 https://registry.npmjs.org/@types%2fprelude-ls 202ms (from cache)
148 silly pacote tag manifest for @types/prelude-ls@ts3.6 fetched in 210ms
149 http fetch GET 304 https://registry.npmjs.org/@types%2fprettier-linter-helpers 163ms (from cache)
150 silly pacote tag manifest for @types/prettier-linter-helpers@ts3.6 fetched in 169ms
151 http fetch GET 304 https://registry.npmjs.org/@types%2fprogress 176ms (from cache)
152 silly pacote tag manifest for @types/progress@ts3.6 fetched in 186ms
153 http fetch GET 304 https://registry.npmjs.org/@types%2fpromise-inflight 192ms (from cache)
154 silly pacote tag manifest for @types/promise-inflight@ts3.6 fetched in 201ms
155 http fetch GET 304 https://registry.npmjs.org/@types%2fprompts 200ms (from cache)
156 silly pacote tag manifest for @types/prompts@ts3.6 fetched in 205ms
157 http fetch GET 200 https://registry.npmjs.org/@types%2fpostcss-preset-env 255ms
158 silly fetchPackageMetaData error for @types/postcss-preset-env@ts3.6 No matching version found for @types/postcss-preset-env@ts3.6.
159 http fetch GET 304 https://registry.npmjs.org/@types%2fpsl 252ms (from cache)
160 http fetch GET 304 https://registry.npmjs.org/@types%2fprop-types 285ms (from cache)
161 silly pacote tag manifest for @types/psl@ts3.6 fetched in 268ms
162 silly pacote tag manifest for @types/prop-types@ts3.6 fetched in 299ms
163 http fetch GET 304 https://registry.npmjs.org/@types%2fproxy-addr 317ms (from cache)
164 http fetch GET 304 https://registry.npmjs.org/@types%2fpump 284ms (from cache)
165 silly pacote tag manifest for @types/proxy-addr@ts3.6 fetched in 330ms
166 silly pacote tag manifest for @types/pump@ts3.6 fetched in 302ms
167 http fetch GET 304 https://registry.npmjs.org/@types%2fpumpify 273ms (from cache)
168 http fetch GET 304 https://registry.npmjs.org/@types%2fpunycode 268ms (from cache)
169 silly pacote tag manifest for @types/pumpify@ts3.6 fetched in 295ms
170 silly pacote tag manifest for @types/punycode@ts3.6 fetched in 282ms
171 http fetch GET 304 https://registry.npmjs.org/@types%2fq 265ms (from cache)
172 http fetch GET 304 https://registry.npmjs.org/@types%2fqs 259ms (from cache)
173 silly pacote tag manifest for @types/q@ts3.6 fetched in 290ms
174 http fetch GET 304 https://registry.npmjs.org/@types%2fquerystringify 251ms (from cache)
175 silly pacote tag manifest for @types/qs@ts3.6 fetched in 283ms
176 silly pacote tag manifest for @types/querystringify@ts3.6 fetched in 265ms
177 http fetch GET 304 https://registry.npmjs.org/@types%2frandombytes 187ms (from cache)
178 http fetch GET 304 https://registry.npmjs.org/@types%2fraf 225ms (from cache)
179 silly pacote tag manifest for @types/randombytes@ts3.6 fetched in 195ms
180 silly pacote tag manifest for @types/raf@ts3.6 fetched in 236ms
181 http fetch GET 304 https://registry.npmjs.org/@types%2frange-parser 213ms (from cache)
182 silly pacote tag manifest for @types/range-parser@ts3.6 fetched in 222ms
183 http fetch GET 304 https://registry.npmjs.org/@types%2freact-dev-utils 201ms (from cache)
184 silly pacote tag manifest for @types/react-dev-utils@ts3.6 fetched in 214ms
185 http fetch GET 304 https://registry.npmjs.org/@types%2freact-is 204ms (from cache)
186 silly pacote tag manifest for @types/react-is@ts3.6 fetched in 223ms
187 http fetch GET 304 https://registry.npmjs.org/@types%2freadable-stream 233ms (from cache)
188 http fetch GET 304 https://registry.npmjs.org/@types%2fregenerate 202ms (from cache)
189 silly registry:manifest no matching version for @types/regenerate@ts3.6 in the cache. Forcing revalidation.
190 silly pacote tag manifest for @types/readable-stream@ts3.6 fetched in 246ms
191 http fetch GET 304 https://registry.npmjs.org/@types%2frecursive-readdir 246ms (from cache)
192 silly pacote tag manifest for @types/recursive-readdir@ts3.6 fetched in 256ms
193 http fetch GET 304 https://registry.npmjs.org/@types%2fregenerator-runtime 257ms (from cache)
194 silly pacote tag manifest for @types/regenerator-runtime@ts3.6 fetched in 282ms
195 http fetch GET 304 https://registry.npmjs.org/@types%2frepeat-element 256ms (from cache)
196 silly pacote tag manifest for @types/repeat-element@ts3.6 fetched in 276ms
197 http fetch GET 304 https://registry.npmjs.org/@types%2frelateurl 315ms (from cache)
198 silly pacote tag manifest for @types/relateurl@ts3.6 fetched in 329ms
199 http fetch GET 304 https://registry.npmjs.org/@types%2frepeat-string 298ms (from cache)
200 silly pacote tag manifest for @types/repeat-string@ts3.6 fetched in 317ms
201 http fetch GET 304 https://registry.npmjs.org/@types%2frequest 295ms (from cache)
202 http fetch GET 304 https://registry.npmjs.org/@types%2frequest-promise-native 255ms (from cache)
203 http fetch GET 200 https://registry.npmjs.org/@types%2fregenerate 183ms
204 silly fetchPackageMetaData error for @types/regenerate@ts3.6 No matching version found for @types/regenerate@ts3.6.
205 silly pacote tag manifest for @types/request@ts3.6 fetched in 311ms
206 silly pacote tag manifest for @types/request-promise-native@ts3.6 fetched in 273ms
207 http fetch GET 304 https://registry.npmjs.org/@types%2frequire-directory 260ms (from cache)
208 http fetch GET 304 https://registry.npmjs.org/@types%2frequire-from-string 218ms (from cache)
209 silly pacote tag manifest for @types/require-directory@ts3.6 fetched in 278ms
210 silly pacote tag manifest for @types/require-from-string@ts3.6 fetched in 223ms
211 http fetch GET 304 https://registry.npmjs.org/@types%2frequires-port 212ms (from cache)
212 silly pacote tag manifest for @types/requires-port@ts3.6 fetched in 220ms
213 http fetch GET 304 https://registry.npmjs.org/@types%2fresolve 235ms (from cache)
214 silly pacote tag manifest for @types/resolve@ts3.6 fetched in 246ms
215 http fetch GET 304 https://registry.npmjs.org/@types%2fretry 217ms (from cache)
216 http fetch GET 304 https://registry.npmjs.org/@types%2frimraf 201ms (from cache)
217 silly pacote tag manifest for @types/retry@ts3.6 fetched in 252ms
218 silly pacote tag manifest for @types/rimraf@ts3.6 fetched in 247ms
219 http fetch GET 304 https://registry.npmjs.org/@types%2fripemd160 385ms (from cache)
220 http fetch GET 304 https://registry.npmjs.org/@types%2frsvp 380ms (from cache)
221 http fetch GET 304 https://registry.npmjs.org/@types%2frun-parallel 386ms (from cache)
222 silly pacote tag manifest for @types/ripemd160@ts3.6 fetched in 427ms
223 http fetch GET 304 https://registry.npmjs.org/@types%2fsafe-regex 420ms (from cache)
224 silly pacote tag manifest for @types/rsvp@ts3.6 fetched in 435ms
225 silly pacote tag manifest for @types/run-parallel@ts3.6 fetched in 436ms
226 silly pacote tag manifest for @types/safe-regex@ts3.6 fetched in 469ms
227 http fetch GET 304 https://registry.npmjs.org/@types%2fsane 443ms (from cache)
228 http fetch GET 304 https://registry.npmjs.org/@types%2fsafer-buffer 445ms (from cache)
229 http fetch GET 304 https://registry.npmjs.org/@types%2fsass-loader 470ms (from cache)
230 silly pacote tag manifest for @types/sane@ts3.6 fetched in 485ms
231 silly pacote tag manifest for @types/safer-buffer@ts3.6 fetched in 491ms
232 http fetch GET 304 https://registry.npmjs.org/@types%2fsax 395ms (from cache)
233 silly pacote tag manifest for @types/sass-loader@ts3.6 fetched in 515ms
234 silly pacote tag manifest for @types/sax@ts3.6 fetched in 433ms
235 http fetch GET 304 https://registry.npmjs.org/@types%2fscheduler 404ms (from cache)
236 http fetch GET 304 https://registry.npmjs.org/@types%2fsemver 391ms (from cache)
237 silly pacote tag manifest for @types/scheduler@ts3.6 fetched in 412ms
238 silly pacote tag manifest for @types/semver@ts3.6 fetched in 401ms
239 http fetch GET 304 https://registry.npmjs.org/@types%2fsemver-compare 214ms (from cache)
240 silly pacote tag manifest for @types/semver-compare@ts3.6 fetched in 217ms
241 http fetch GET 304 https://registry.npmjs.org/@types%2fsend 229ms (from cache)
242 silly pacote tag manifest for @types/send@ts3.6 fetched in 233ms
243 http fetch GET 304 https://registry.npmjs.org/@types%2fserialize-javascript 322ms (from cache)
244 silly pacote tag manifest for @types/serialize-javascript@ts3.6 fetched in 347ms
245 http fetch GET 304 https://registry.npmjs.org/@types%2fserve-index 400ms (from cache)
246 http fetch GET 304 https://registry.npmjs.org/@types%2fserve-static 362ms (from cache)
247 silly pacote tag manifest for @types/serve-index@ts3.6 fetched in 429ms
248 silly pacote tag manifest for @types/serve-static@ts3.6 fetched in 396ms
249 http fetch GET 304 https://registry.npmjs.org/@types%2fsetimmediate 381ms (from cache)
250 http fetch GET 304 https://registry.npmjs.org/@types%2fset-value 442ms (from cache)
251 silly pacote tag manifest for @types/setimmediate@ts3.6 fetched in 433ms
252 silly pacote tag manifest for @types/set-value@ts3.6 fetched in 485ms
253 http fetch GET 304 https://registry.npmjs.org/@types%2fsha.js 433ms (from cache)
254 http fetch GET 304 https://registry.npmjs.org/@types%2fshebang-command 426ms (from cache)
255 http fetch GET 304 https://registry.npmjs.org/@types%2fshell-quote 425ms (from cache)
256 http fetch GET 304 https://registry.npmjs.org/@types%2fsignal-exit 397ms (from cache)
257 silly pacote tag manifest for @types/shebang-command@ts3.6 fetched in 444ms
258 http fetch GET 304 https://registry.npmjs.org/@types%2fslice-ansi 385ms (from cache)
259 silly pacote tag manifest for @types/shell-quote@ts3.6 fetched in 444ms
260 silly pacote tag manifest for @types/signal-exit@ts3.6 fetched in 416ms
261 silly pacote tag manifest for @types/sha.js@ts3.6 fetched in 469ms
262 silly pacote tag manifest for @types/slice-ansi@ts3.6 fetched in 404ms
263 http fetch GET 304 https://registry.npmjs.org/@types%2fsockjs 285ms (from cache)
264 silly pacote tag manifest for @types/sockjs@ts3.6 fetched in 290ms
265 http fetch GET 304 https://registry.npmjs.org/@types%2fsockjs-client 240ms (from cache)
266 silly pacote tag manifest for @types/sockjs-client@ts3.6 fetched in 264ms
267 http fetch GET 304 https://registry.npmjs.org/@types%2fsource-list-map 305ms (from cache)
268 silly pacote tag manifest for @types/source-list-map@ts3.6 fetched in 347ms
269 http fetch GET 304 https://registry.npmjs.org/@types%2fsource-map-support 387ms (from cache)
270 http fetch GET 304 https://registry.npmjs.org/@types%2fspdx-correct 414ms (from cache)
271 silly pacote tag manifest for @types/source-map-support@ts3.6 fetched in 437ms
272 http fetch GET 304 https://registry.npmjs.org/@types%2fspdx-expression-parse 406ms (from cache)
273 silly pacote tag manifest for @types/spdx-correct@ts3.6 fetched in 442ms
274 http fetch GET 304 https://registry.npmjs.org/@types%2fspdy 417ms (from cache)
275 silly pacote tag manifest for @types/spdx-expression-parse@ts3.6 fetched in 443ms
276 silly pacote tag manifest for @types/spdy@ts3.6 fetched in 464ms
277 http fetch GET 304 https://registry.npmjs.org/@types%2fsprintf-js 475ms (from cache)
278 http fetch GET 304 https://registry.npmjs.org/@types%2fsprintf 477ms (from cache)
279 http fetch GET 304 https://registry.npmjs.org/@types%2fsshpk 464ms (from cache)
280 http fetch GET 304 https://registry.npmjs.org/@types%2fssri 486ms (from cache)
281 silly pacote tag manifest for @types/sprintf-js@ts3.6 fetched in 517ms
282 silly pacote tag manifest for @types/sprintf@ts3.6 fetched in 531ms
283 silly pacote tag manifest for @types/sshpk@ts3.6 fetched in 520ms
284 http fetch GET 304 https://registry.npmjs.org/@types%2fstack-utils 416ms (from cache)
285 silly pacote tag manifest for @types/ssri@ts3.6 fetched in 522ms
286 silly pacote tag manifest for @types/stack-utils@ts3.6 fetched in 459ms
287 http fetch GET 304 https://registry.npmjs.org/@types%2fstatuses 452ms (from cache)
288 silly pacote tag manifest for @types/statuses@ts3.6 fetched in 468ms
289 http fetch GET 304 https://registry.npmjs.org/@types%2fstream-each 330ms (from cache)
290 http fetch GET 304 https://registry.npmjs.org/@types%2fstream-shift 325ms (from cache)
291 silly pacote tag manifest for @types/stream-each@ts3.6 fetched in 355ms
292 silly pacote tag manifest for @types/stream-shift@ts3.6 fetched in 357ms
293 http fetch GET 304 https://registry.npmjs.org/@types%2fstring-natural-compare 305ms (from cache)
294 http fetch GET 304 https://registry.npmjs.org/@types%2fstrict-uri-encode 322ms (from cache)
295 silly pacote tag manifest for @types/string-natural-compare@ts3.6 fetched in 373ms
296 silly pacote tag manifest for @types/strict-uri-encode@ts3.6 fetched in 418ms
297 http fetch GET 304 https://registry.npmjs.org/@types%2fstring.prototype.matchall 393ms (from cache)
298 http fetch GET 304 https://registry.npmjs.org/@types%2fstringify-object 388ms (from cache)
299 silly pacote tag manifest for @types/string.prototype.matchall@ts3.6 fetched in 403ms
300 http fetch GET 304 https://registry.npmjs.org/@types%2fstrip-comments 387ms (from cache)
301 http fetch GET 304 https://registry.npmjs.org/@types%2fstrip-final-newline 373ms (from cache)
302 http fetch GET 304 https://registry.npmjs.org/@types%2fsupports-color 337ms (from cache)
303 silly pacote tag manifest for @types/stringify-object@ts3.6 fetched in 400ms
304 silly pacote tag manifest for @types/strip-comments@ts3.6 fetched in 397ms
305 silly pacote tag manifest for @types/strip-final-newline@ts3.6 fetched in 385ms
306 http fetch GET 304 https://registry.npmjs.org/@types%2fsvg-parser 242ms (from cache)
307 silly pacote tag manifest for @types/supports-color@ts3.6 fetched in 355ms
308 silly pacote tag manifest for @types/svg-parser@ts3.6 fetched in 260ms
309 http fetch GET 304 https://registry.npmjs.org/@types%2fsvgo 248ms (from cache)
310 http fetch GET 304 https://registry.npmjs.org/@types%2fsymbol-tree 239ms (from cache)
311 silly pacote tag manifest for @types/symbol-tree@ts3.6 fetched in 255ms
312 silly pacote tag manifest for @types/svgo@ts3.6 fetched in 276ms
313 http fetch GET 304 https://registry.npmjs.org/@types%2ftar 264ms (from cache)
314 http fetch GET 304 https://registry.npmjs.org/@types%2ftapable 282ms (from cache)
315 silly pacote tag manifest for @types/tar@ts3.6 fetched in 271ms
316 http fetch GET 304 https://registry.npmjs.org/@types%2fterser-webpack-plugin 237ms (from cache)
317 silly pacote tag manifest for @types/tapable@ts3.6 fetched in 307ms
318 silly pacote tag manifest for @types/terser-webpack-plugin@ts3.6 fetched in 256ms
319 http fetch GET 304 https://registry.npmjs.org/@types%2fthrough 288ms (from cache)
320 http fetch GET 304 https://registry.npmjs.org/@types%2ftext-table 303ms (from cache)
321 silly pacote tag manifest for @types/through@ts3.6 fetched in 307ms
322 silly pacote tag manifest for @types/text-table@ts3.6 fetched in 314ms
323 http fetch GET 304 https://registry.npmjs.org/@types%2fthrough2 314ms (from cache)
324 http fetch GET 304 https://registry.npmjs.org/@types%2ftimsort 296ms (from cache)
325 http fetch GET 304 https://registry.npmjs.org/@types%2fthunky 312ms (from cache)
326 silly pacote tag manifest for @types/through2@ts3.6 fetched in 332ms
327 silly pacote tag manifest for @types/timsort@ts3.6 fetched in 318ms
328 silly pacote tag manifest for @types/thunky@ts3.6 fetched in 334ms
329 http fetch GET 304 https://registry.npmjs.org/@types%2ftryer 280ms (from cache)
330 silly pacote tag manifest for @types/tryer@ts3.6 fetched in 292ms
331 http fetch GET 304 https://registry.npmjs.org/@types%2ftough-cookie 299ms (from cache)
332 silly pacote tag manifest for @types/tough-cookie@ts3.6 fetched in 303ms
333 http fetch GET 304 https://registry.npmjs.org/@types%2ftype-check 227ms (from cache)
334 silly pacote tag manifest for @types/type-check@ts3.6 fetched in 234ms
335 http fetch GET 304 https://registry.npmjs.org/@types%2ftype-is 216ms (from cache)
336 http fetch GET 304 https://registry.npmjs.org/@types%2ftype-detect 234ms (from cache)
337 silly pacote tag manifest for @types/type-is@ts3.6 fetched in 223ms
338 silly pacote tag manifest for @types/type-detect@ts3.6 fetched in 244ms
339 http fetch GET 304 https://registry.npmjs.org/@types%2funiq 205ms (from cache)
340 http fetch GET 304 https://registry.npmjs.org/@types%2funiversalify 207ms (from cache)
341 silly pacote tag manifest for @types/uniq@ts3.6 fetched in 211ms
342 silly pacote tag manifest for @types/universalify@ts3.6 fetched in 213ms
343 http fetch GET 304 https://registry.npmjs.org/@types%2furix 252ms (from cache)
344 silly pacote tag manifest for @types/urix@ts3.6 fetched in 261ms
345 http fetch GET 304 https://registry.npmjs.org/@types%2furl-parse 265ms (from cache)
346 http fetch GET 304 https://registry.npmjs.org/@types%2futil-deprecate 257ms (from cache)
347 silly pacote tag manifest for @types/util-deprecate@ts3.6 fetched in 277ms
348 silly pacote tag manifest for @types/url-parse@ts3.6 fetched in 288ms
349 http fetch GET 304 https://registry.npmjs.org/@types%2futil.promisify 377ms (from cache)
350 http fetch GET 304 https://registry.npmjs.org/@types%2futils-merge 388ms (from cache)
351 silly pacote tag manifest for @types/util.promisify@ts3.6 fetched in 414ms
352 silly pacote tag manifest for @types/utils-merge@ts3.6 fetched in 417ms
353 http fetch GET 304 https://registry.npmjs.org/@types%2fuuid 369ms (from cache)
354 http fetch GET 304 https://registry.npmjs.org/@types%2fvalidate-npm-package-license 348ms (from cache)
355 http fetch GET 304 https://registry.npmjs.org/@types%2fvary 344ms (from cache)
356 http fetch GET 304 https://registry.npmjs.org/@types%2fverror 324ms (from cache)
357 silly pacote tag manifest for @types/uuid@ts3.6 fetched in 412ms
358 silly pacote tag manifest for @types/vary@ts3.6 fetched in 387ms
359 silly pacote tag manifest for @types/validate-npm-package-license@ts3.6 fetched in 393ms
360 silly pacote tag manifest for @types/verror@ts3.6 fetched in 385ms
361 http fetch GET 304 https://registry.npmjs.org/@types%2fw3c-hr-time 399ms (from cache)
362 silly pacote tag manifest for @types/w3c-hr-time@ts3.6 fetched in 474ms
363 http fetch GET 304 https://registry.npmjs.org/@types%2fw3c-xmlserializer 434ms (from cache)
364 silly pacote tag manifest for @types/w3c-xmlserializer@ts3.6 fetched in 460ms
365 http fetch GET 304 https://registry.npmjs.org/@types%2fwebidl-conversions 436ms (from cache)
366 http fetch GET 304 https://registry.npmjs.org/@types%2fwatchpack 443ms (from cache)
367 silly pacote tag manifest for @types/webidl-conversions@ts3.6 fetched in 453ms
368 silly pacote tag manifest for @types/watchpack@ts3.6 fetched in 457ms
369 http fetch GET 304 https://registry.npmjs.org/@types%2fwebpack-dev-middleware 299ms (from cache)
370 http fetch GET 304 https://registry.npmjs.org/@types%2fwebpack 317ms (from cache)
371 silly pacote tag manifest for @types/webpack-dev-middleware@ts3.6 fetched in 329ms
372 silly pacote tag manifest for @types/webpack@ts3.6 fetched in 352ms
373 http fetch GET 304 https://registry.npmjs.org/@types%2fwebpack-manifest-plugin 322ms (from cache)
374 silly pacote tag manifest for @types/webpack-manifest-plugin@ts3.6 fetched in 334ms
375 http fetch GET 304 https://registry.npmjs.org/@types%2fwebpack-sources 338ms (from cache)
376 http fetch GET 304 https://registry.npmjs.org/@types%2fwhatwg-encoding 315ms (from cache)
377 http fetch GET 304 https://registry.npmjs.org/@types%2fwebpack-dev-server 354ms (from cache)
378 silly pacote tag manifest for @types/webpack-sources@ts3.6 fetched in 359ms
379 silly pacote tag manifest for @types/whatwg-encoding@ts3.6 fetched in 330ms
380 silly pacote tag manifest for @types/webpack-dev-server@ts3.6 fetched in 376ms
381 http fetch GET 304 https://registry.npmjs.org/@types%2fwhatwg-mimetype 294ms (from cache)
382 http fetch GET 304 https://registry.npmjs.org/@types%2fwhatwg-url 228ms (from cache)
383 silly pacote tag manifest for @types/whatwg-mimetype@ts3.6 fetched in 301ms
384 silly pacote tag manifest for @types/whatwg-url@ts3.6 fetched in 238ms
385 http fetch GET 304 https://registry.npmjs.org/@types%2fwhich-pm-runs 259ms (from cache)
386 silly pacote tag manifest for @types/which-pm-runs@ts3.6 fetched in 263ms
387 http fetch GET 304 https://registry.npmjs.org/@types%2fwhich 270ms (from cache)
388 silly pacote tag manifest for @types/which@ts3.6 fetched in 280ms
389 http fetch GET 304 https://registry.npmjs.org/@types%2fworkbox-build 235ms (from cache)
390 silly pacote tag manifest for @types/workbox-build@ts3.6 fetched in 241ms
391 http fetch GET 304 https://registry.npmjs.org/@types%2fworkbox-sw 246ms (from cache)
392 silly pacote tag manifest for @types/workbox-sw@ts3.6 fetched in 250ms
393 http fetch GET 304 https://registry.npmjs.org/@types%2fworkbox-webpack-plugin 371ms (from cache)
394 silly pacote tag manifest for @types/workbox-webpack-plugin@ts3.6 fetched in 563ms
395 http fetch GET 200 https://registry.npmjs.org/@types%2fwrap-ansi 660ms
396 http fetch GET 304 https://registry.npmjs.org/@types%2fxtend 641ms (from cache)
397 http fetch GET 304 https://registry.npmjs.org/@types%2fwrite-file-atomic 704ms (from cache)
398 http fetch GET 304 https://registry.npmjs.org/@types%2fy18n 638ms (from cache)
399 http fetch GET 304 https://registry.npmjs.org/@types%2fyallist 587ms (from cache)
400 http fetch GET 304 https://registry.npmjs.org/@types%2fws 727ms (from cache)
401 http fetch GET 304 https://registry.npmjs.org/@types%2fyargs-parser 600ms (from cache)
402 silly pacote tag manifest for @types/xtend@ts3.6 fetched in 699ms
403 http fetch GET 304 https://registry.npmjs.org/@types%2fyargs 627ms (from cache)
404 silly pacote tag manifest for @types/y18n@ts3.6 fetched in 699ms
405 silly pacote tag manifest for @types/write-file-atomic@ts3.6 fetched in 767ms
406 silly pacote tag manifest for @types/yallist@ts3.6 fetched in 649ms
407 silly pacote tag manifest for @types/ws@ts3.6 fetched in 760ms
408 silly pacote tag manifest for @types/yargs-parser@ts3.6 fetched in 630ms
409 silly pacote tag manifest for @types/yargs@ts3.6 fetched in 647ms
410 http fetch GET 200 https://registry.npmjs.org/@types/wrap-ansi/-/wrap-ansi-8.0.0.tgz 371ms
411 silly pacote tag manifest for @types/wrap-ansi@ts3.6 fetched in 1196ms
412 timing stage:rollbackFailedOptional Completed in 3ms
413 timing stage:runTopLevelLifecycles Completed in 9133ms
414 verbose type tag
415 verbose stack @types/postcss-preset-env: No matching version found for @types/postcss-preset-env@ts3.6.
415 verbose stack     at pickManifest (/usr/local/lib/node_modules/npm/node_modules/npm-pick-manifest/index.js:122:13)
415 verbose stack     at /usr/local/lib/node_modules/npm/node_modules/pacote/lib/fetchers/registry/manifest.js:43:18
415 verbose stack     at tryCatcher (/usr/local/lib/node_modules/npm/node_modules/bluebird/js/release/util.js:16:23)
415 verbose stack     at Promise._settlePromiseFromHandler (/usr/local/lib/node_modules/npm/node_modules/bluebird/js/release/promise.js:517:31)
415 verbose stack     at Promise._settlePromise (/usr/local/lib/node_modules/npm/node_modules/bluebird/js/release/promise.js:574:18)
415 verbose stack     at Promise._settlePromise0 (/usr/local/lib/node_modules/npm/node_modules/bluebird/js/release/promise.js:619:10)
415 verbose stack     at Promise._settlePromises (/usr/local/lib/node_modules/npm/node_modules/bluebird/js/release/promise.js:699:18)
415 verbose stack     at _drainQueueStep (/usr/local/lib/node_modules/npm/node_modules/bluebird/js/release/async.js:138:12)
415 verbose stack     at _drainQueue (/usr/local/lib/node_modules/npm/node_modules/bluebird/js/release/async.js:131:9)
415 verbose stack     at Async._drainQueues (/usr/local/lib/node_modules/npm/node_modules/bluebird/js/release/async.js:147:5)
415 verbose stack     at Immediate.Async.drainQueues [as _onImmediate] (/usr/local/lib/node_modules/npm/node_modules/bluebird/js/release/async.js:17:14)
415 verbose stack     at processImmediate (internal/timers.js:456:21)
416 verbose cwd /home/theia/.cache/typescript/3.6
417 verbose Linux 5.4.72-microsoft-standard-WSL2
418 verbose argv "/usr/local/bin/node" "/usr/local/bin/npm" "install" "--ignore-scripts" "@types/lz-string@ts3.6" "@types/media-typer@ts3.6" "@types/memory-fs@ts3.6" "@types/memorystream@ts3.6" "@types/merge-descriptors@ts3.6" "@types/merge-stream@ts3.6" "@types/merge2@ts3.6" "@types/methods@ts3.6" "@types/micromatch@ts3.6" "@types/mime@ts3.6" "@types/mime-db@ts3.6" "@types/mime-types@ts3.6" "@types/min-indent@ts3.6" "@types/mini-css-extract-plugin@ts3.6" "@types/minimalistic-assert@ts3.6" "@types/minimatch@ts3.6" "@types/minimist@ts3.6" "@types/minipass@ts3.6" "@types/minizlib@ts3.6" "@types/mkdirp@ts3.6" "@types/move-concurrently@ts3.6" "@types/ms@ts3.6" "@types/multicast-dns@ts3.6" "@types/natural-compare@ts3.6" "@types/negotiator@ts3.6" "@types/next-tick@ts3.6" "@types/nice-try@ts3.6" "@types/node-forge@ts3.6" "@types/node-int64@ts3.6" "@types/node-notifier@ts3.6" "@types/normalize-package-data@ts3.6" "@types/normalize-path@ts3.6" "@types/num2fraction@ts3.6" "@types/nwsapi@ts3.6" "@types/object-assign@ts3.6" "@types/object-inspect@ts3.6" "@types/object-keys@ts3.6" "@types/object.fromentries@ts3.6" "@types/object.getownpropertydescriptors@ts3.6" "@types/object.pick@ts3.6" "@types/on-finished@ts3.6" "@types/on-headers@ts3.6" "@types/once@ts3.6" "@types/optimize-css-assets-webpack-plugin@ts3.6" "@types/original@ts3.6" "@types/pako@ts3.6" "@types/parallel-transform@ts3.6" "@types/parse-json@ts3.6" "@types/parse5@ts3.6" "@types/parseurl@ts3.6" "@types/pascalcase@ts3.6" "@types/path-is-absolute@ts3.6" "@types/path-is-inside@ts3.6" "@types/path-parse@ts3.6" "@types/pbkdf2@ts3.6" "@types/picomatch@ts3.6" "@types/pify@ts3.6" "@types/postcss-calc@ts3.6" "@types/postcss-custom-properties@ts3.6" "@types/postcss-flexbugs-fixes@ts3.6" "@types/postcss-focus-within@ts3.6" "@types/postcss-gap-properties@ts3.6" "@types/postcss-load-config@ts3.6" "@types/postcss-modules-extract-imports@ts3.6" "@types/postcss-modules-local-by-default@ts3.6" "@types/postcss-modules-scope@ts3.6" "@types/postcss-modules-values@ts3.6" "@types/postcss-normalize@ts3.6" "@types/postcss-preset-env@ts3.6" "@types/postcss-safe-parser@ts3.6" "@types/prelude-ls@ts3.6" "@types/prettier-linter-helpers@ts3.6" "@types/progress@ts3.6" "@types/promise-inflight@ts3.6" "@types/prompts@ts3.6" "@types/prop-types@ts3.6" "@types/proxy-addr@ts3.6" "@types/psl@ts3.6" "@types/pump@ts3.6" "@types/pumpify@ts3.6" "@types/punycode@ts3.6" "@types/q@ts3.6" "@types/qs@ts3.6" "@types/querystringify@ts3.6" "@types/raf@ts3.6" "@types/randombytes@ts3.6" "@types/range-parser@ts3.6" "@types/react-dev-utils@ts3.6" "@types/react-is@ts3.6" "@types/readable-stream@ts3.6" "@types/recursive-readdir@ts3.6" "@types/regenerate@ts3.6" "@types/regenerator-runtime@ts3.6" "@types/relateurl@ts3.6" "@types/repeat-element@ts3.6" "@types/repeat-string@ts3.6" "@types/request@ts3.6" "@types/request-promise-native@ts3.6" "@types/require-directory@ts3.6" "@types/require-from-string@ts3.6" "@types/requires-port@ts3.6" "@types/resolve@ts3.6" "@types/retry@ts3.6" "@types/rimraf@ts3.6" "@types/ripemd160@ts3.6" "@types/rsvp@ts3.6" "@types/run-parallel@ts3.6" "@types/safe-regex@ts3.6" "@types/safer-buffer@ts3.6" "@types/sane@ts3.6" "@types/sass-loader@ts3.6" "@types/sax@ts3.6" "@types/scheduler@ts3.6" "@types/semver@ts3.6" "@types/semver-compare@ts3.6" "@types/send@ts3.6" "@types/serialize-javascript@ts3.6" "@types/serve-index@ts3.6" "@types/serve-static@ts3.6" "@types/set-value@ts3.6" "@types/setimmediate@ts3.6" "@types/sha.js@ts3.6" "@types/shebang-command@ts3.6" "@types/shell-quote@ts3.6" "@types/signal-exit@ts3.6" "@types/slice-ansi@ts3.6" "@types/sockjs@ts3.6" "@types/sockjs-client@ts3.6" "@types/source-list-map@ts3.6" "@types/source-map-support@ts3.6" "@types/spdx-correct@ts3.6" "@types/spdx-expression-parse@ts3.6" "@types/spdy@ts3.6" "@types/sprintf@ts3.6" "@types/sprintf-js@ts3.6" "@types/sshpk@ts3.6" "@types/ssri@ts3.6" "@types/stack-utils@ts3.6" "@types/statuses@ts3.6" "@types/stream-each@ts3.6" "@types/stream-shift@ts3.6" "@types/strict-uri-encode@ts3.6" "@types/string-natural-compare@ts3.6" "@types/string.prototype.matchall@ts3.6" "@types/stringify-object@ts3.6" "@types/strip-comments@ts3.6" "@types/strip-final-newline@ts3.6" "@types/supports-color@ts3.6" "@types/svg-parser@ts3.6" "@types/svgo@ts3.6" "@types/symbol-tree@ts3.6" "@types/tapable@ts3.6" "@types/tar@ts3.6" "@types/terser-webpack-plugin@ts3.6" "@types/text-table@ts3.6" "@types/through@ts3.6" "@types/through2@ts3.6" "@types/thunky@ts3.6" "@types/timsort@ts3.6" "@types/tough-cookie@ts3.6" "@types/tryer@ts3.6" "@types/type-check@ts3.6" "@types/type-detect@ts3.6" "@types/type-is@ts3.6" "@types/uniq@ts3.6" "@types/universalify@ts3.6" "@types/urix@ts3.6" "@types/url-parse@ts3.6" "@types/util-deprecate@ts3.6" "@types/util.promisify@ts3.6" "@types/utils-merge@ts3.6" "@types/uuid@ts3.6" "@types/validate-npm-package-license@ts3.6" "@types/vary@ts3.6" "@types/verror@ts3.6" "@types/w3c-hr-time@ts3.6" "@types/w3c-xmlserializer@ts3.6" "@types/watchpack@ts3.6" "@types/webidl-conversions@ts3.6" "@types/webpack@ts3.6" "@types/webpack-dev-middleware@ts3.6" "@types/webpack-dev-server@ts3.6" "@types/webpack-manifest-plugin@ts3.6" "@types/webpack-sources@ts3.6" "@types/whatwg-encoding@ts3.6" "@types/whatwg-mimetype@ts3.6" "@types/whatwg-url@ts3.6" "@types/which@ts3.6" "@types/which-pm-runs@ts3.6" "@types/workbox-build@ts3.6" "@types/workbox-sw@ts3.6" "@types/workbox-webpack-plugin@ts3.6" "@types/wrap-ansi@ts3.6" "@types/write-file-atomic@ts3.6" "@types/ws@ts3.6" "@types/xtend@ts3.6" "@types/y18n@ts3.6" "@types/yallist@ts3.6" "@types/yargs@ts3.6" "@types/yargs-parser@ts3.6" "--save-dev" "--user-agent=typesInstaller/3.6.3"
419 verbose node v12.18.3
420 verbose npm  v6.14.6
421 error code ETARGET
422 error notarget No matching version found for @types/postcss-preset-env@ts3.6.
423 error notarget In most cases you or one of your dependencies are requesting
423 error notarget a package version that doesn't exist.
424 verbose exit [ 1, true ]
